{"C:\\Users\\asabr\\OneDrive\\Desktop\\Project\\AgriCompassWeb\\client\\src\\components\\ui\\button.tsx": {"path":"C:\\Users\\asabr\\OneDrive\\Desktop\\Project\\AgriCompassWeb\\client\\src\\components\\ui\\button.tsx","statementMap":{"0":{"start":{"line":7,"column":6},"end":{"line":40,"column":null}},"1":{"start":{"line":48,"column":15},"end":{"line":59,"column":null}},"2":{"start":{"line":50,"column":17},"end":{"line":50,"column":null}},"3":{"start":{"line":51,"column":4},"end":{"line":56,"column":null}},"4":{"start":{"line":60,"column":0},"end":{"line":60,"column":null}}},"fnMap":{"0":{"name":"(anonymous_0)","decl":{"start":{"line":49,"column":2},"end":{"line":49,"column":3}},"loc":{"start":{"line":49,"column":68},"end":{"line":58,"column":null}},"line":49}},"branchMap":{"0":{"loc":{"start":{"line":49,"column":31},"end":{"line":49,"column":48}},"type":"default-arg","locations":[{"start":{"line":49,"column":41},"end":{"line":49,"column":48}}],"line":49},"1":{"loc":{"start":{"line":50,"column":17},"end":{"line":50,"column":null}},"type":"cond-expr","locations":[{"start":{"line":50,"column":27},"end":{"line":50,"column":34}},{"start":{"line":50,"column":34},"end":{"line":50,"column":null}}],"line":50}},"s":{"0":1,"1":1,"2":3,"3":3,"4":1},"f":{"0":3},"b":{"0":[3],"1":[0,3]},"meta":{"lastBranch":2,"lastFunction":1,"lastStatement":5,"seen":{"s:7:6:40:Infinity":0,"s:48:15:59:Infinity":1,"f:49:2:49:3":0,"b:49:41:49:48":0,"s:50:17:50:Infinity":2,"b:50:27:50:34:50:34:50:Infinity":1,"s:51:4:56:Infinity":3,"s:60:0:60:Infinity":4}}}
,"C:\\Users\\asabr\\OneDrive\\Desktop\\Project\\AgriCompassWeb\\client\\src\\lib\\utils.ts": {"path":"C:\\Users\\asabr\\OneDrive\\Desktop\\Project\\AgriCompassWeb\\client\\src\\lib\\utils.ts","statementMap":{"0":{"start":{"line":5,"column":2},"end":{"line":5,"column":null}}},"fnMap":{"0":{"name":"cn","decl":{"start":{"line":4,"column":16},"end":{"line":4,"column":22}},"loc":{"start":{"line":4,"column":44},"end":{"line":6,"column":null}},"line":4}},"branchMap":{},"s":{"0":3},"f":{"0":3},"b":{},"meta":{"lastBranch":0,"lastFunction":1,"lastStatement":1,"seen":{"f:4:16:4:22":0,"s:5:2:5:Infinity":0}}}
,"C:\\Users\\asabr\\OneDrive\\Desktop\\Project\\AgriCompassWeb\\server\\adminAnalytics.ts": {"path":"C:\\Users\\asabr\\OneDrive\\Desktop\\Project\\AgriCompassWeb\\server\\adminAnalytics.ts","statementMap":{"0":{"start":{"line":8,"column":12},"end":{"line":8,"column":null}},"1":{"start":{"line":9,"column":2},"end":{"line":18,"column":null}},"2":{"start":{"line":10,"column":14},"end":{"line":12,"column":null}},"3":{"start":{"line":14,"column":19},"end":{"line":14,"column":null}},"4":{"start":{"line":15,"column":45},"end":{"line":15,"column":null}},"5":{"start":{"line":15,"column":74},"end":{"line":15,"column":121}},"6":{"start":{"line":16,"column":25},"end":{"line":16,"column":null}},"7":{"start":{"line":16,"column":59},"end":{"line":16,"column":76}},"8":{"start":{"line":17,"column":4},"end":{"line":17,"column":null}},"9":{"start":{"line":21,"column":20},"end":{"line":21,"column":null}},"10":{"start":{"line":22,"column":20},"end":{"line":22,"column":null}},"11":{"start":{"line":22,"column":42},"end":{"line":22,"column":66}},"12":{"start":{"line":23,"column":14},"end":{"line":23,"column":null}},"13":{"start":{"line":24,"column":27},"end":{"line":24,"column":null}},"14":{"start":{"line":25,"column":2},"end":{"line":28,"column":null}},"15":{"start":{"line":25,"column":15},"end":{"line":25,"column":32}},"16":{"start":{"line":26,"column":14},"end":{"line":26,"column":null}},"17":{"start":{"line":27,"column":4},"end":{"line":27,"column":null}},"18":{"start":{"line":29,"column":43},"end":{"line":29,"column":null}},"19":{"start":{"line":29,"column":60},"end":{"line":29,"column":85}},"20":{"start":{"line":30,"column":2},"end":{"line":35,"column":null}},"21":{"start":{"line":31,"column":4},"end":{"line":31,"column":null}},"22":{"start":{"line":31,"column":22},"end":{"line":31,"column":null}},"23":{"start":{"line":32,"column":18},"end":{"line":32,"column":null}},"24":{"start":{"line":33,"column":16},"end":{"line":33,"column":null}},"25":{"start":{"line":33,"column":46},"end":{"line":33,"column":63}},"26":{"start":{"line":34,"column":4},"end":{"line":34,"column":null}},"27":{"start":{"line":34,"column":18},"end":{"line":34,"column":null}},"28":{"start":{"line":36,"column":23},"end":{"line":36,"column":null}},"29":{"start":{"line":36,"column":57},"end":{"line":36,"column":74}},"30":{"start":{"line":37,"column":2},"end":{"line":37,"column":null}},"31":{"start":{"line":41,"column":12},"end":{"line":41,"column":null}},"32":{"start":{"line":42,"column":2},"end":{"line":57,"column":null}},"33":{"start":{"line":43,"column":14},"end":{"line":43,"column":null}},"34":{"start":{"line":50,"column":19},"end":{"line":50,"column":null}},"35":{"start":{"line":51,"column":4},"end":{"line":56,"column":null}},"36":{"start":{"line":51,"column":40},"end":{"line":56,"column":6}},"37":{"start":{"line":60,"column":8},"end":{"line":60,"column":null}},"38":{"start":{"line":60,"column":63},"end":{"line":60,"column":87}},"39":{"start":{"line":61,"column":94},"end":{"line":61,"column":null}},"40":{"start":{"line":62,"column":2},"end":{"line":67,"column":null}},"41":{"start":{"line":63,"column":16},"end":{"line":63,"column":null}},"42":{"start":{"line":64,"column":4},"end":{"line":64,"column":null}},"43":{"start":{"line":64,"column":19},"end":{"line":64,"column":null}},"44":{"start":{"line":65,"column":4},"end":{"line":65,"column":null}},"45":{"start":{"line":66,"column":4},"end":{"line":66,"column":null}},"46":{"start":{"line":68,"column":14},"end":{"line":68,"column":null}},"47":{"start":{"line":68,"column":48},"end":{"line":68,"column":110}},"48":{"start":{"line":69,"column":17},"end":{"line":69,"column":null}},"49":{"start":{"line":70,"column":2},"end":{"line":73,"column":null}},"50":{"start":{"line":71,"column":19},"end":{"line":71,"column":null}},"51":{"start":{"line":72,"column":4},"end":{"line":72,"column":null}},"52":{"start":{"line":74,"column":2},"end":{"line":74,"column":null}},"53":{"start":{"line":78,"column":12},"end":{"line":78,"column":null}},"54":{"start":{"line":79,"column":2},"end":{"line":99,"column":null}},"55":{"start":{"line":81,"column":14},"end":{"line":81,"column":null}},"56":{"start":{"line":89,"column":16},"end":{"line":89,"column":null}},"57":{"start":{"line":90,"column":14},"end":{"line":90,"column":null}},"58":{"start":{"line":91,"column":4},"end":{"line":98,"column":null}},"59":{"start":{"line":102,"column":18},"end":{"line":102,"column":null}},"60":{"start":{"line":103,"column":17},"end":{"line":103,"column":null}},"61":{"start":{"line":104,"column":19},"end":{"line":104,"column":null}},"62":{"start":{"line":105,"column":17},"end":{"line":105,"column":null}},"63":{"start":{"line":106,"column":16},"end":{"line":106,"column":null}},"64":{"start":{"line":107,"column":21},"end":{"line":107,"column":null}},"65":{"start":{"line":108,"column":8},"end":{"line":108,"column":null}},"66":{"start":{"line":109,"column":20},"end":{"line":109,"column":null}},"67":{"start":{"line":110,"column":22},"end":{"line":110,"column":null}},"68":{"start":{"line":111,"column":36},"end":{"line":111,"column":null}},"69":{"start":{"line":111,"column":58},"end":{"line":111,"column":82}},"70":{"start":{"line":111,"column":103},"end":{"line":111,"column":143}},"71":{"start":{"line":112,"column":8},"end":{"line":112,"column":null}},"72":{"start":{"line":113,"column":8},"end":{"line":113,"column":null}},"73":{"start":{"line":114,"column":2},"end":{"line":114,"column":null}}},"fnMap":{"0":{"name":"getRevenueAggregated","decl":{"start":{"line":7,"column":22},"end":{"line":7,"column":43}},"loc":{"start":{"line":7,"column":80},"end":{"line":38,"column":null}},"line":7},"1":{"name":"(anonymous_1)","decl":{"start":{"line":15,"column":61},"end":{"line":15,"column":62}},"loc":{"start":{"line":15,"column":74},"end":{"line":15,"column":121}},"line":15},"2":{"name":"(anonymous_2)","decl":{"start":{"line":16,"column":47},"end":{"line":16,"column":48}},"loc":{"start":{"line":16,"column":59},"end":{"line":16,"column":76}},"line":16},"3":{"name":"(anonymous_3)","decl":{"start":{"line":22,"column":37},"end":{"line":22,"column":42}},"loc":{"start":{"line":22,"column":42},"end":{"line":22,"column":66}},"line":22},"4":{"name":"(anonymous_4)","decl":{"start":{"line":29,"column":54},"end":{"line":29,"column":60}},"loc":{"start":{"line":29,"column":60},"end":{"line":29,"column":85}},"line":29},"5":{"name":"(anonymous_5)","decl":{"start":{"line":33,"column":41},"end":{"line":33,"column":46}},"loc":{"start":{"line":33,"column":46},"end":{"line":33,"column":63}},"line":33},"6":{"name":"(anonymous_6)","decl":{"start":{"line":36,"column":45},"end":{"line":36,"column":46}},"loc":{"start":{"line":36,"column":57},"end":{"line":36,"column":74}},"line":36},"7":{"name":"getActiveSellers","decl":{"start":{"line":40,"column":22},"end":{"line":40,"column":39}},"loc":{"start":{"line":40,"column":83},"end":{"line":75,"column":null}},"line":40},"8":{"name":"(anonymous_8)","decl":{"start":{"line":51,"column":27},"end":{"line":51,"column":28}},"loc":{"start":{"line":51,"column":40},"end":{"line":56,"column":6}},"line":51},"9":{"name":"(anonymous_9)","decl":{"start":{"line":60,"column":58},"end":{"line":60,"column":63}},"loc":{"start":{"line":60,"column":63},"end":{"line":60,"column":87}},"line":60},"10":{"name":"(anonymous_10)","decl":{"start":{"line":68,"column":38},"end":{"line":68,"column":39}},"loc":{"start":{"line":68,"column":48},"end":{"line":68,"column":110}},"line":68},"11":{"name":"getAdminTotals","decl":{"start":{"line":77,"column":22},"end":{"line":77,"column":37}},"loc":{"start":{"line":77,"column":57},"end":{"line":115,"column":null}},"line":77},"12":{"name":"(anonymous_12)","decl":{"start":{"line":111,"column":53},"end":{"line":111,"column":58}},"loc":{"start":{"line":111,"column":58},"end":{"line":111,"column":82}},"line":111},"13":{"name":"(anonymous_13)","decl":{"start":{"line":111,"column":91},"end":{"line":111,"column":92}},"loc":{"start":{"line":111,"column":103},"end":{"line":111,"column":143}},"line":111}},"branchMap":{"0":{"loc":{"start":{"line":7,"column":43},"end":{"line":7,"column":60}},"type":"default-arg","locations":[{"start":{"line":7,"column":57},"end":{"line":7,"column":60}}],"line":7},"1":{"loc":{"start":{"line":8,"column":12},"end":{"line":8,"column":null}},"type":"binary-expr","locations":[{"start":{"line":8,"column":12},"end":{"line":8,"column":28}},{"start":{"line":8,"column":28},"end":{"line":8,"column":null}}],"line":8},"2":{"loc":{"start":{"line":9,"column":2},"end":{"line":18,"column":null}},"type":"if","locations":[{"start":{"line":9,"column":2},"end":{"line":18,"column":null}},{"start":{},"end":{}}],"line":9},"3":{"loc":{"start":{"line":31,"column":4},"end":{"line":31,"column":null}},"type":"if","locations":[{"start":{"line":31,"column":4},"end":{"line":31,"column":null}},{"start":{},"end":{}}],"line":31},"4":{"loc":{"start":{"line":34,"column":4},"end":{"line":34,"column":null}},"type":"if","locations":[{"start":{"line":34,"column":4},"end":{"line":34,"column":null}},{"start":{},"end":{}}],"line":34},"5":{"loc":{"start":{"line":34,"column":49},"end":{"line":34,"column":null}},"type":"binary-expr","locations":[{"start":{"line":34,"column":49},"end":{"line":34,"column":78}},{"start":{"line":34,"column":78},"end":{"line":34,"column":null}}],"line":34},"6":{"loc":{"start":{"line":34,"column":56},"end":{"line":34,"column":73}},"type":"binary-expr","locations":[{"start":{"line":34,"column":56},"end":{"line":34,"column":72}},{"start":{"line":34,"column":72},"end":{"line":34,"column":73}}],"line":34},"7":{"loc":{"start":{"line":40,"column":39},"end":{"line":40,"column":51}},"type":"default-arg","locations":[{"start":{"line":40,"column":47},"end":{"line":40,"column":51}}],"line":40},"8":{"loc":{"start":{"line":40,"column":51},"end":{"line":40,"column":63}},"type":"default-arg","locations":[{"start":{"line":40,"column":60},"end":{"line":40,"column":63}}],"line":40},"9":{"loc":{"start":{"line":41,"column":12},"end":{"line":41,"column":null}},"type":"binary-expr","locations":[{"start":{"line":41,"column":12},"end":{"line":41,"column":28}},{"start":{"line":41,"column":28},"end":{"line":41,"column":null}}],"line":41},"10":{"loc":{"start":{"line":42,"column":2},"end":{"line":57,"column":null}},"type":"if","locations":[{"start":{"line":42,"column":2},"end":{"line":57,"column":null}},{"start":{},"end":{}}],"line":42},"11":{"loc":{"start":{"line":64,"column":4},"end":{"line":64,"column":null}},"type":"if","locations":[{"start":{"line":64,"column":4},"end":{"line":64,"column":null}},{"start":{},"end":{}}],"line":64},"12":{"loc":{"start":{"line":66,"column":24},"end":{"line":66,"column":null}},"type":"binary-expr","locations":[{"start":{"line":66,"column":24},"end":{"line":66,"column":53}},{"start":{"line":66,"column":53},"end":{"line":66,"column":null}}],"line":66},"13":{"loc":{"start":{"line":66,"column":31},"end":{"line":66,"column":48}},"type":"binary-expr","locations":[{"start":{"line":66,"column":31},"end":{"line":66,"column":47}},{"start":{"line":66,"column":47},"end":{"line":66,"column":48}}],"line":66},"14":{"loc":{"start":{"line":68,"column":48},"end":{"line":68,"column":110}},"type":"binary-expr","locations":[{"start":{"line":68,"column":48},"end":{"line":68,"column":89}},{"start":{"line":68,"column":89},"end":{"line":68,"column":110}}],"line":68},"15":{"loc":{"start":{"line":72,"column":56},"end":{"line":72,"column":87}},"type":"binary-expr","locations":[{"start":{"line":72,"column":56},"end":{"line":72,"column":76}},{"start":{"line":72,"column":76},"end":{"line":72,"column":87}}],"line":72},"16":{"loc":{"start":{"line":78,"column":12},"end":{"line":78,"column":null}},"type":"binary-expr","locations":[{"start":{"line":78,"column":12},"end":{"line":78,"column":28}},{"start":{"line":78,"column":28},"end":{"line":78,"column":null}}],"line":78},"17":{"loc":{"start":{"line":79,"column":2},"end":{"line":99,"column":null}},"type":"if","locations":[{"start":{"line":79,"column":2},"end":{"line":99,"column":null}},{"start":{},"end":{}}],"line":79},"18":{"loc":{"start":{"line":111,"column":110},"end":{"line":111,"column":143}},"type":"binary-expr","locations":[{"start":{"line":111,"column":110},"end":{"line":111,"column":139}},{"start":{"line":111,"column":139},"end":{"line":111,"column":143}}],"line":111},"19":{"loc":{"start":{"line":111,"column":117},"end":{"line":111,"column":134}},"type":"binary-expr","locations":[{"start":{"line":111,"column":117},"end":{"line":111,"column":133}},{"start":{"line":111,"column":133},"end":{"line":111,"column":134}}],"line":111}},"s":{"0":53,"1":53,"2":1,"3":1,"4":1,"5":2,"6":1,"7":2,"8":1,"9":52,"10":52,"11":151,"12":52,"13":52,"14":52,"15":52,"16":312,"17":312,"18":52,"19":312,"20":52,"21":151,"22":0,"23":151,"24":151,"25":906,"26":151,"27":151,"28":52,"29":312,"30":52,"31":3,"32":3,"33":1,"34":1,"35":1,"36":1,"37":2,"38":3,"39":2,"40":2,"41":3,"42":3,"43":2,"44":3,"45":3,"46":2,"47":1,"48":2,"49":2,"50":2,"51":2,"52":2,"53":3,"54":3,"55":1,"56":1,"57":1,"58":1,"59":2,"60":2,"61":2,"62":2,"63":2,"64":2,"65":2,"66":2,"67":2,"68":2,"69":1,"70":0,"71":2,"72":2,"73":2},"f":{"0":53,"1":2,"2":2,"3":151,"4":312,"5":906,"6":312,"7":3,"8":1,"9":3,"10":1,"11":3,"12":1,"13":0},"b":{"0":[53],"1":[53,52],"2":[1,52],"3":[0,151],"4":[151,0],"5":[151,0],"6":[151,0],"7":[3],"8":[3],"9":[3,2],"10":[1,2],"11":[2,1],"12":[3,0],"13":[3,0],"14":[1,0],"15":[2,0],"16":[3,2],"17":[1,2],"18":[0,0],"19":[0,0]},"meta":{"lastBranch":20,"lastFunction":14,"lastStatement":74,"seen":{"f:7:22:7:43":0,"b:7:57:7:60":0,"s:8:12:8:Infinity":0,"b:8:12:8:28:8:28:8:Infinity":1,"b:9:2:18:Infinity:undefined:undefined:undefined:undefined":2,"s:9:2:18:Infinity":1,"s:10:14:12:Infinity":2,"s:14:19:14:Infinity":3,"s:15:45:15:Infinity":4,"f:15:61:15:62":1,"s:15:74:15:121":5,"s:16:25:16:Infinity":6,"f:16:47:16:48":2,"s:16:59:16:76":7,"s:17:4:17:Infinity":8,"s:21:20:21:Infinity":9,"s:22:20:22:Infinity":10,"f:22:37:22:42":3,"s:22:42:22:66":11,"s:23:14:23:Infinity":12,"s:24:27:24:Infinity":13,"s:25:2:28:Infinity":14,"s:25:15:25:32":15,"s:26:14:26:Infinity":16,"s:27:4:27:Infinity":17,"s:29:43:29:Infinity":18,"f:29:54:29:60":4,"s:29:60:29:85":19,"s:30:2:35:Infinity":20,"b:31:4:31:Infinity:undefined:undefined:undefined:undefined":3,"s:31:4:31:Infinity":21,"s:31:22:31:Infinity":22,"s:32:18:32:Infinity":23,"s:33:16:33:Infinity":24,"f:33:41:33:46":5,"s:33:46:33:63":25,"b:34:4:34:Infinity:undefined:undefined:undefined:undefined":4,"s:34:4:34:Infinity":26,"s:34:18:34:Infinity":27,"b:34:49:34:78:34:78:34:Infinity":5,"b:34:56:34:72:34:72:34:73":6,"s:36:23:36:Infinity":28,"f:36:45:36:46":6,"s:36:57:36:74":29,"s:37:2:37:Infinity":30,"f:40:22:40:39":7,"b:40:47:40:51":7,"b:40:60:40:63":8,"s:41:12:41:Infinity":31,"b:41:12:41:28:41:28:41:Infinity":9,"b:42:2:57:Infinity:undefined:undefined:undefined:undefined":10,"s:42:2:57:Infinity":32,"s:43:14:43:Infinity":33,"s:50:19:50:Infinity":34,"s:51:4:56:Infinity":35,"f:51:27:51:28":8,"s:51:40:56:6":36,"s:60:8:60:Infinity":37,"f:60:58:60:63":9,"s:60:63:60:87":38,"s:61:94:61:Infinity":39,"s:62:2:67:Infinity":40,"s:63:16:63:Infinity":41,"b:64:4:64:Infinity:undefined:undefined:undefined:undefined":11,"s:64:4:64:Infinity":42,"s:64:19:64:Infinity":43,"s:65:4:65:Infinity":44,"s:66:4:66:Infinity":45,"b:66:24:66:53:66:53:66:Infinity":12,"b:66:31:66:47:66:47:66:48":13,"s:68:14:68:Infinity":46,"f:68:38:68:39":10,"s:68:48:68:110":47,"b:68:48:68:89:68:89:68:110":14,"s:69:17:69:Infinity":48,"s:70:2:73:Infinity":49,"s:71:19:71:Infinity":50,"s:72:4:72:Infinity":51,"b:72:56:72:76:72:76:72:87":15,"s:74:2:74:Infinity":52,"f:77:22:77:37":11,"s:78:12:78:Infinity":53,"b:78:12:78:28:78:28:78:Infinity":16,"b:79:2:99:Infinity:undefined:undefined:undefined:undefined":17,"s:79:2:99:Infinity":54,"s:81:14:81:Infinity":55,"s:89:16:89:Infinity":56,"s:90:14:90:Infinity":57,"s:91:4:98:Infinity":58,"s:102:18:102:Infinity":59,"s:103:17:103:Infinity":60,"s:104:19:104:Infinity":61,"s:105:17:105:Infinity":62,"s:106:16:106:Infinity":63,"s:107:21:107:Infinity":64,"s:108:8:108:Infinity":65,"s:109:20:109:Infinity":66,"s:110:22:110:Infinity":67,"s:111:36:111:Infinity":68,"f:111:53:111:58":12,"s:111:58:111:82":69,"f:111:91:111:92":13,"s:111:103:111:143":70,"b:111:110:111:139:111:139:111:143":18,"b:111:117:111:133:111:133:111:134":19,"s:112:8:112:Infinity":71,"s:113:8:113:Infinity":72,"s:114:2:114:Infinity":73}}}
,"C:\\Users\\asabr\\OneDrive\\Desktop\\Project\\AgriCompassWeb\\server\\auth.ts": {"path":"C:\\Users\\asabr\\OneDrive\\Desktop\\Project\\AgriCompassWeb\\server\\auth.ts","statementMap":{"0":{"start":{"line":4,"column":20},"end":{"line":4,"column":null}},"1":{"start":{"line":7,"column":2},"end":{"line":7,"column":null}},"2":{"start":{"line":11,"column":2},"end":{"line":11,"column":null}},"3":{"start":{"line":27,"column":2},"end":{"line":36,"column":null}}},"fnMap":{"0":{"name":"hashPassword","decl":{"start":{"line":6,"column":22},"end":{"line":6,"column":35}},"loc":{"start":{"line":6,"column":70},"end":{"line":8,"column":null}},"line":6},"1":{"name":"comparePassword","decl":{"start":{"line":10,"column":22},"end":{"line":10,"column":38}},"loc":{"start":{"line":10,"column":88},"end":{"line":12,"column":null}},"line":10},"2":{"name":"sanitizeUser","decl":{"start":{"line":26,"column":16},"end":{"line":26,"column":29}},"loc":{"start":{"line":26,"column":54},"end":{"line":37,"column":null}},"line":26}},"branchMap":{"0":{"loc":{"start":{"line":33,"column":14},"end":{"line":33,"column":null}},"type":"binary-expr","locations":[{"start":{"line":33,"column":14},"end":{"line":33,"column":31}},{"start":{"line":33,"column":31},"end":{"line":33,"column":null}}],"line":33}},"s":{"0":20,"1":246,"2":304,"3":1002},"f":{"0":246,"1":304,"2":1002},"b":{"0":[1002,0]},"meta":{"lastBranch":1,"lastFunction":3,"lastStatement":4,"seen":{"s:4:20:4:Infinity":0,"f:6:22:6:35":0,"s:7:2:7:Infinity":1,"f:10:22:10:38":1,"s:11:2:11:Infinity":2,"f:26:16:26:29":2,"s:27:2:36:Infinity":3,"b:33:14:33:31:33:31:33:Infinity":0}}}
,"C:\\Users\\asabr\\OneDrive\\Desktop\\Project\\AgriCompassWeb\\server\\db.ts": {"path":"C:\\Users\\asabr\\OneDrive\\Desktop\\Project\\AgriCompassWeb\\server\\db.ts","statementMap":{"0":{"start":{"line":4,"column":27},"end":{"line":4,"column":null}},"1":{"start":{"line":5,"column":0},"end":{"line":15,"column":null}},"2":{"start":{"line":6,"column":2},"end":{"line":12,"column":null}},"3":{"start":{"line":7,"column":4},"end":{"line":7,"column":null}},"4":{"start":{"line":8,"column":4},"end":{"line":8,"column":null}},"5":{"start":{"line":10,"column":4},"end":{"line":10,"column":null}},"6":{"start":{"line":11,"column":4},"end":{"line":11,"column":null}},"7":{"start":{"line":14,"column":2},"end":{"line":14,"column":null}}},"fnMap":{},"branchMap":{"0":{"loc":{"start":{"line":5,"column":0},"end":{"line":15,"column":null}},"type":"if","locations":[{"start":{"line":5,"column":0},"end":{"line":15,"column":null}},{"start":{"line":13,"column":7},"end":{"line":15,"column":null}}],"line":5}},"s":{"0":21,"1":21,"2":0,"3":0,"4":0,"5":0,"6":0,"7":21},"f":{},"b":{"0":[0,21]},"meta":{"lastBranch":1,"lastFunction":0,"lastStatement":8,"seen":{"s:4:27:4:Infinity":0,"b:5:0:15:Infinity:13:7:15:Infinity":0,"s:5:0:15:Infinity":1,"s:6:2:12:Infinity":2,"s:7:4:7:Infinity":3,"s:8:4:8:Infinity":4,"s:10:4:10:Infinity":5,"s:11:4:11:Infinity":6,"s:14:2:14:Infinity":7}}}
,"C:\\Users\\asabr\\OneDrive\\Desktop\\Project\\AgriCompassWeb\\server\\email.ts": {"path":"C:\\Users\\asabr\\OneDrive\\Desktop\\Project\\AgriCompassWeb\\server\\email.ts","statementMap":{"0":{"start":{"line":7,"column":38},"end":{"line":7,"column":null}},"1":{"start":{"line":8,"column":36},"end":{"line":8,"column":null}},"2":{"start":{"line":11,"column":15},"end":{"line":11,"column":null}},"3":{"start":{"line":12,"column":15},"end":{"line":12,"column":null}},"4":{"start":{"line":13,"column":20},"end":{"line":13,"column":null}},"5":{"start":{"line":14,"column":17},"end":{"line":14,"column":null}},"6":{"start":{"line":15,"column":15},"end":{"line":15,"column":null}},"7":{"start":{"line":16,"column":15},"end":{"line":16,"column":null}},"8":{"start":{"line":17,"column":18},"end":{"line":17,"column":null}},"9":{"start":{"line":19,"column":2},"end":{"line":35,"column":null}},"10":{"start":{"line":21,"column":31},"end":{"line":25,"column":null}},"11":{"start":{"line":26,"column":4},"end":{"line":26,"column":null}},"12":{"start":{"line":26,"column":22},"end":{"line":26,"column":null}},"13":{"start":{"line":27,"column":4},"end":{"line":27,"column":null}},"14":{"start":{"line":28,"column":2},"end":{"line":35,"column":null}},"15":{"start":{"line":29,"column":4},"end":{"line":32,"column":null}},"16":{"start":{"line":34,"column":4},"end":{"line":34,"column":null}},"17":{"start":{"line":37,"column":2},"end":{"line":96,"column":null}},"18":{"start":{"line":40,"column":4},"end":{"line":93,"column":null}},"19":{"start":{"line":41,"column":6},"end":{"line":41,"column":null}},"20":{"start":{"line":42,"column":6},"end":{"line":42,"column":null}},"21":{"start":{"line":44,"column":6},"end":{"line":44,"column":null}},"22":{"start":{"line":45,"column":6},"end":{"line":45,"column":null}},"23":{"start":{"line":46,"column":6},"end":{"line":46,"column":null}},"24":{"start":{"line":46,"column":33},"end":{"line":46,"column":null}},"25":{"start":{"line":49,"column":12},"end":{"line":49,"column":null}},"26":{"start":{"line":50,"column":19},"end":{"line":50,"column":null}},"27":{"start":{"line":51,"column":19},"end":{"line":51,"column":null}},"28":{"start":{"line":53,"column":6},"end":{"line":87,"column":null}},"29":{"start":{"line":54,"column":8},"end":{"line":74,"column":null}},"30":{"start":{"line":55,"column":10},"end":{"line":55,"column":null}},"31":{"start":{"line":56,"column":27},"end":{"line":65,"column":null}},"32":{"start":{"line":66,"column":10},"end":{"line":66,"column":null}},"33":{"start":{"line":67,"column":10},"end":{"line":67,"column":null}},"34":{"start":{"line":68,"column":10},"end":{"line":68,"column":null}},"35":{"start":{"line":69,"column":10},"end":{"line":69,"column":null}},"36":{"start":{"line":70,"column":10},"end":{"line":70,"column":null}},"37":{"start":{"line":72,"column":10},"end":{"line":72,"column":null}},"38":{"start":{"line":73,"column":10},"end":{"line":73,"column":null}},"39":{"start":{"line":73,"column":36},"end":{"line":73,"column":null}},"40":{"start":{"line":75,"column":8},"end":{"line":86,"column":null}},"41":{"start":{"line":76,"column":10},"end":{"line":76,"column":null}},"42":{"start":{"line":77,"column":28},"end":{"line":77,"column":null}},"43":{"start":{"line":78,"column":10},"end":{"line":78,"column":null}},"44":{"start":{"line":79,"column":10},"end":{"line":79,"column":null}},"45":{"start":{"line":80,"column":10},"end":{"line":80,"column":null}},"46":{"start":{"line":81,"column":10},"end":{"line":81,"column":null}},"47":{"start":{"line":82,"column":10},"end":{"line":82,"column":null}},"48":{"start":{"line":84,"column":10},"end":{"line":84,"column":null}},"49":{"start":{"line":85,"column":10},"end":{"line":85,"column":null}},"50":{"start":{"line":85,"column":38},"end":{"line":85,"column":null}},"51":{"start":{"line":90,"column":6},"end":{"line":90,"column":null}},"52":{"start":{"line":91,"column":6},"end":{"line":91,"column":null}},"53":{"start":{"line":92,"column":6},"end":{"line":92,"column":null}},"54":{"start":{"line":95,"column":4},"end":{"line":95,"column":null}},"55":{"start":{"line":99,"column":0},"end":{"line":99,"column":null}},"56":{"start":{"line":107,"column":2},"end":{"line":115,"column":null}},"57":{"start":{"line":109,"column":18},"end":{"line":109,"column":null}},"58":{"start":{"line":110,"column":4},"end":{"line":110,"column":null}},"59":{"start":{"line":111,"column":4},"end":{"line":111,"column":null}},"60":{"start":{"line":113,"column":4},"end":{"line":113,"column":null}},"61":{"start":{"line":114,"column":4},"end":{"line":114,"column":null}},"62":{"start":{"line":123,"column":2},"end":{"line":172,"column":null}},"63":{"start":{"line":124,"column":21},"end":{"line":124,"column":null}},"64":{"start":{"line":126,"column":4},"end":{"line":168,"column":null}},"65":{"start":{"line":170,"column":4},"end":{"line":170,"column":null}},"66":{"start":{"line":171,"column":4},"end":{"line":171,"column":null}},"67":{"start":{"line":177,"column":2},"end":{"line":183,"column":null}},"68":{"start":{"line":191,"column":2},"end":{"line":259,"column":null}},"69":{"start":{"line":192,"column":25},"end":{"line":192,"column":null}},"70":{"start":{"line":194,"column":4},"end":{"line":255,"column":null}},"71":{"start":{"line":257,"column":4},"end":{"line":257,"column":null}},"72":{"start":{"line":258,"column":4},"end":{"line":258,"column":null}},"73":{"start":{"line":266,"column":2},"end":{"line":317,"column":null}},"74":{"start":{"line":267,"column":4},"end":{"line":313,"column":null}},"75":{"start":{"line":315,"column":4},"end":{"line":315,"column":null}},"76":{"start":{"line":316,"column":4},"end":{"line":316,"column":null}},"77":{"start":{"line":331,"column":2},"end":{"line":408,"column":null}},"78":{"start":{"line":332,"column":21},"end":{"line":332,"column":null}},"79":{"start":{"line":334,"column":4},"end":{"line":404,"column":null}},"80":{"start":{"line":406,"column":4},"end":{"line":406,"column":null}},"81":{"start":{"line":407,"column":4},"end":{"line":407,"column":null}},"82":{"start":{"line":422,"column":2},"end":{"line":504,"column":null}},"83":{"start":{"line":423,"column":21},"end":{"line":423,"column":null}},"84":{"start":{"line":425,"column":4},"end":{"line":500,"column":null}},"85":{"start":{"line":502,"column":4},"end":{"line":502,"column":null}},"86":{"start":{"line":503,"column":4},"end":{"line":503,"column":null}},"87":{"start":{"line":513,"column":2},"end":{"line":607,"column":null}},"88":{"start":{"line":514,"column":23},"end":{"line":514,"column":null}},"89":{"start":{"line":515,"column":25},"end":{"line":515,"column":null}},"90":{"start":{"line":517,"column":4},"end":{"line":603,"column":null}},"91":{"start":{"line":605,"column":4},"end":{"line":605,"column":null}},"92":{"start":{"line":606,"column":4},"end":{"line":606,"column":null}}},"fnMap":{"0":{"name":"createTransporterIfConfigured","decl":{"start":{"line":10,"column":9},"end":{"line":10,"column":47}},"loc":{"start":{"line":10,"column":47},"end":{"line":97,"column":null}},"line":10},"1":{"name":"(anonymous_1)","decl":{"start":{"line":40,"column":30},"end":{"line":40,"column":36}},"loc":{"start":{"line":40,"column":36},"end":{"line":43,"column":5}},"line":40},"2":{"name":"(anonymous_2)","decl":{"start":{"line":43,"column":13},"end":{"line":43,"column":20}},"loc":{"start":{"line":43,"column":33},"end":{"line":93,"column":5}},"line":43},"3":{"name":"sendEmail","decl":{"start":{"line":102,"column":15},"end":{"line":102,"column":25}},"loc":{"start":{"line":106,"column":50},"end":{"line":116,"column":null}},"line":106},"4":{"name":"sendPasswordResetEmail","decl":{"start":{"line":118,"column":22},"end":{"line":118,"column":null}},"loc":{"start":{"line":122,"column":49},"end":{"line":173,"column":null}},"line":122},"5":{"name":"getSmtpStatus","decl":{"start":{"line":176,"column":16},"end":{"line":176,"column":32}},"loc":{"start":{"line":176,"column":32},"end":{"line":184,"column":null}},"line":176},"6":{"name":"sendWelcomeEmail","decl":{"start":{"line":186,"column":22},"end":{"line":186,"column":null}},"loc":{"start":{"line":190,"column":49},"end":{"line":260,"column":null}},"line":190},"7":{"name":"sendPasswordChangedEmail","decl":{"start":{"line":262,"column":22},"end":{"line":262,"column":null}},"loc":{"start":{"line":265,"column":49},"end":{"line":318,"column":null}},"line":265},"8":{"name":"sendOrderConfirmationEmail","decl":{"start":{"line":320,"column":22},"end":{"line":320,"column":null}},"loc":{"start":{"line":330,"column":49},"end":{"line":409,"column":null}},"line":330},"9":{"name":"sendNewOrderNotificationToFarmer","decl":{"start":{"line":411,"column":22},"end":{"line":411,"column":null}},"loc":{"start":{"line":421,"column":49},"end":{"line":505,"column":null}},"line":421},"10":{"name":"sendVerificationStatusEmail","decl":{"start":{"line":507,"column":22},"end":{"line":507,"column":null}},"loc":{"start":{"line":512,"column":49},"end":{"line":608,"column":null}},"line":512}},"branchMap":{"0":{"loc":{"start":{"line":12,"column":15},"end":{"line":12,"column":null}},"type":"cond-expr","locations":[{"start":{"line":12,"column":39},"end":{"line":12,"column":71}},{"start":{"line":12,"column":71},"end":{"line":12,"column":null}}],"line":12},"1":{"loc":{"start":{"line":14,"column":17},"end":{"line":14,"column":null}},"type":"binary-expr","locations":[{"start":{"line":14,"column":17},"end":{"line":14,"column":41}},{"start":{"line":14,"column":41},"end":{"line":14,"column":63}},{"start":{"line":14,"column":63},"end":{"line":14,"column":null}}],"line":14},"2":{"loc":{"start":{"line":19,"column":2},"end":{"line":35,"column":null}},"type":"if","locations":[{"start":{"line":19,"column":2},"end":{"line":35,"column":null}},{"start":{"line":28,"column":2},"end":{"line":35,"column":null}}],"line":19},"3":{"loc":{"start":{"line":23,"column":12},"end":{"line":23,"column":null}},"type":"binary-expr","locations":[{"start":{"line":23,"column":12},"end":{"line":23,"column":20}},{"start":{"line":23,"column":20},"end":{"line":23,"column":null}}],"line":23},"4":{"loc":{"start":{"line":26,"column":4},"end":{"line":26,"column":null}},"type":"if","locations":[{"start":{"line":26,"column":4},"end":{"line":26,"column":null}},{"start":{},"end":{}}],"line":26},"5":{"loc":{"start":{"line":26,"column":8},"end":{"line":26,"column":22}},"type":"binary-expr","locations":[{"start":{"line":26,"column":8},"end":{"line":26,"column":16}},{"start":{"line":26,"column":16},"end":{"line":26,"column":22}}],"line":26},"6":{"loc":{"start":{"line":28,"column":2},"end":{"line":35,"column":null}},"type":"if","locations":[{"start":{"line":28,"column":2},"end":{"line":35,"column":null}},{"start":{"line":33,"column":9},"end":{"line":35,"column":null}}],"line":28},"7":{"loc":{"start":{"line":28,"column":13},"end":{"line":28,"column":50}},"type":"binary-expr","locations":[{"start":{"line":28,"column":13},"end":{"line":28,"column":36}},{"start":{"line":28,"column":36},"end":{"line":28,"column":44}},{"start":{"line":28,"column":44},"end":{"line":28,"column":50}}],"line":28},"8":{"loc":{"start":{"line":37,"column":2},"end":{"line":96,"column":null}},"type":"if","locations":[{"start":{"line":37,"column":2},"end":{"line":96,"column":null}},{"start":{"line":94,"column":9},"end":{"line":96,"column":null}}],"line":37},"9":{"loc":{"start":{"line":44,"column":24},"end":{"line":44,"column":null}},"type":"cond-expr","locations":[{"start":{"line":44,"column":47},"end":{"line":44,"column":53}},{"start":{"line":44,"column":53},"end":{"line":44,"column":null}}],"line":44},"10":{"loc":{"start":{"line":46,"column":6},"end":{"line":46,"column":null}},"type":"if","locations":[{"start":{"line":46,"column":6},"end":{"line":46,"column":null}},{"start":{},"end":{}}],"line":46},"11":{"loc":{"start":{"line":49,"column":25},"end":{"line":49,"column":54}},"type":"binary-expr","locations":[{"start":{"line":49,"column":25},"end":{"line":49,"column":50}},{"start":{"line":49,"column":50},"end":{"line":49,"column":54}}],"line":49},"12":{"loc":{"start":{"line":53,"column":6},"end":{"line":87,"column":null}},"type":"if","locations":[{"start":{"line":53,"column":6},"end":{"line":87,"column":null}},{"start":{},"end":{}}],"line":53},"13":{"loc":{"start":{"line":53,"column":6},"end":{"line":53,"column":100}},"type":"binary-expr","locations":[{"start":{"line":53,"column":11},"end":{"line":53,"column":45}},{"start":{"line":53,"column":45},"end":{"line":53,"column":86}},{"start":{"line":53,"column":86},"end":{"line":53,"column":94}},{"start":{"line":53,"column":94},"end":{"line":53,"column":100}}],"line":53},"14":{"loc":{"start":{"line":72,"column":56},"end":{"line":72,"column":102}},"type":"cond-expr","locations":[{"start":{"line":72,"column":81},"end":{"line":72,"column":97}},{"start":{"line":72,"column":97},"end":{"line":72,"column":102}}],"line":72},"15":{"loc":{"start":{"line":72,"column":56},"end":{"line":72,"column":81}},"type":"binary-expr","locations":[{"start":{"line":72,"column":56},"end":{"line":72,"column":65}},{"start":{"line":72,"column":65},"end":{"line":72,"column":81}}],"line":72},"16":{"loc":{"start":{"line":73,"column":10},"end":{"line":73,"column":null}},"type":"if","locations":[{"start":{"line":73,"column":10},"end":{"line":73,"column":null}},{"start":{},"end":{}}],"line":73},"17":{"loc":{"start":{"line":73,"column":14},"end":{"line":73,"column":36}},"type":"binary-expr","locations":[{"start":{"line":73,"column":14},"end":{"line":73,"column":23}},{"start":{"line":73,"column":23},"end":{"line":73,"column":36}}],"line":73},"18":{"loc":{"start":{"line":84,"column":64},"end":{"line":84,"column":114}},"type":"cond-expr","locations":[{"start":{"line":84,"column":91},"end":{"line":84,"column":108}},{"start":{"line":84,"column":108},"end":{"line":84,"column":114}}],"line":84},"19":{"loc":{"start":{"line":84,"column":64},"end":{"line":84,"column":91}},"type":"binary-expr","locations":[{"start":{"line":84,"column":64},"end":{"line":84,"column":74}},{"start":{"line":84,"column":74},"end":{"line":84,"column":91}}],"line":84},"20":{"loc":{"start":{"line":85,"column":10},"end":{"line":85,"column":null}},"type":"if","locations":[{"start":{"line":85,"column":10},"end":{"line":85,"column":null}},{"start":{},"end":{}}],"line":85},"21":{"loc":{"start":{"line":85,"column":14},"end":{"line":85,"column":38}},"type":"binary-expr","locations":[{"start":{"line":85,"column":14},"end":{"line":85,"column":24}},{"start":{"line":85,"column":24},"end":{"line":85,"column":38}}],"line":85},"22":{"loc":{"start":{"line":124,"column":24},"end":{"line":124,"column":75}},"type":"binary-expr","locations":[{"start":{"line":124,"column":24},"end":{"line":124,"column":52}},{"start":{"line":124,"column":52},"end":{"line":124,"column":75}}],"line":124},"23":{"loc":{"start":{"line":171,"column":36},"end":{"line":171,"column":76}},"type":"binary-expr","locations":[{"start":{"line":171,"column":36},"end":{"line":171,"column":53}},{"start":{"line":171,"column":53},"end":{"line":171,"column":76}}],"line":171},"24":{"loc":{"start":{"line":179,"column":10},"end":{"line":179,"column":null}},"type":"binary-expr","locations":[{"start":{"line":179,"column":10},"end":{"line":179,"column":35}},{"start":{"line":179,"column":35},"end":{"line":179,"column":null}}],"line":179},"25":{"loc":{"start":{"line":180,"column":10},"end":{"line":180,"column":null}},"type":"cond-expr","locations":[{"start":{"line":180,"column":34},"end":{"line":180,"column":66}},{"start":{"line":180,"column":66},"end":{"line":180,"column":null}}],"line":180},"26":{"loc":{"start":{"line":181,"column":13},"end":{"line":181,"column":null}},"type":"binary-expr","locations":[{"start":{"line":181,"column":13},"end":{"line":181,"column":41}},{"start":{"line":181,"column":41},"end":{"line":181,"column":null}}],"line":181},"27":{"loc":{"start":{"line":182,"column":21},"end":{"line":182,"column":null}},"type":"cond-expr","locations":[{"start":{"line":182,"column":39},"end":{"line":182,"column":108}},{"start":{"line":182,"column":108},"end":{"line":182,"column":null}}],"line":182},"28":{"loc":{"start":{"line":192,"column":28},"end":{"line":192,"column":79}},"type":"binary-expr","locations":[{"start":{"line":192,"column":28},"end":{"line":192,"column":56}},{"start":{"line":192,"column":56},"end":{"line":192,"column":79}}],"line":192},"29":{"loc":{"start":{"line":223,"column":22},"end":{"line":233,"column":null}},"type":"cond-expr","locations":[{"start":{"line":223,"column":42},"end":{"line":223,"column":null}},{"start":{"line":228,"column":24},"end":{"line":233,"column":null}}],"line":223},"30":{"loc":{"start":{"line":228,"column":24},"end":{"line":233,"column":null}},"type":"cond-expr","locations":[{"start":{"line":228,"column":43},"end":{"line":228,"column":null}},{"start":{"line":233,"column":24},"end":{"line":233,"column":null}}],"line":228},"31":{"loc":{"start":{"line":258,"column":36},"end":{"line":258,"column":76}},"type":"binary-expr","locations":[{"start":{"line":258,"column":36},"end":{"line":258,"column":53}},{"start":{"line":258,"column":53},"end":{"line":258,"column":76}}],"line":258},"32":{"loc":{"start":{"line":316,"column":36},"end":{"line":316,"column":76}},"type":"binary-expr","locations":[{"start":{"line":316,"column":36},"end":{"line":316,"column":53}},{"start":{"line":316,"column":53},"end":{"line":316,"column":76}}],"line":316},"33":{"loc":{"start":{"line":332,"column":24},"end":{"line":332,"column":75}},"type":"binary-expr","locations":[{"start":{"line":332,"column":24},"end":{"line":332,"column":52}},{"start":{"line":332,"column":52},"end":{"line":332,"column":75}}],"line":332},"34":{"loc":{"start":{"line":407,"column":36},"end":{"line":407,"column":76}},"type":"binary-expr","locations":[{"start":{"line":407,"column":36},"end":{"line":407,"column":53}},{"start":{"line":407,"column":53},"end":{"line":407,"column":76}}],"line":407},"35":{"loc":{"start":{"line":423,"column":24},"end":{"line":423,"column":75}},"type":"binary-expr","locations":[{"start":{"line":423,"column":24},"end":{"line":423,"column":52}},{"start":{"line":423,"column":52},"end":{"line":423,"column":75}}],"line":423},"36":{"loc":{"start":{"line":503,"column":36},"end":{"line":503,"column":76}},"type":"binary-expr","locations":[{"start":{"line":503,"column":36},"end":{"line":503,"column":53}},{"start":{"line":503,"column":53},"end":{"line":503,"column":76}}],"line":503},"37":{"loc":{"start":{"line":515,"column":28},"end":{"line":515,"column":79}},"type":"binary-expr","locations":[{"start":{"line":515,"column":28},"end":{"line":515,"column":56}},{"start":{"line":515,"column":56},"end":{"line":515,"column":79}}],"line":515},"38":{"loc":{"start":{"line":519,"column":15},"end":{"line":521,"column":null}},"type":"cond-expr","locations":[{"start":{"line":520,"column":10},"end":{"line":520,"column":null}},{"start":{"line":521,"column":10},"end":{"line":521,"column":null}}],"line":519},"39":{"loc":{"start":{"line":530,"column":38},"end":{"line":530,"column":72}},"type":"cond-expr","locations":[{"start":{"line":530,"column":51},"end":{"line":530,"column":63}},{"start":{"line":530,"column":63},"end":{"line":530,"column":72}}],"line":530},"40":{"loc":{"start":{"line":532,"column":123},"end":{"line":532,"column":157}},"type":"cond-expr","locations":[{"start":{"line":532,"column":136},"end":{"line":532,"column":148}},{"start":{"line":532,"column":148},"end":{"line":532,"column":157}}],"line":532},"41":{"loc":{"start":{"line":540,"column":22},"end":{"line":540,"column":89}},"type":"cond-expr","locations":[{"start":{"line":540,"column":35},"end":{"line":540,"column":65}},{"start":{"line":540,"column":65},"end":{"line":540,"column":89}}],"line":540},"42":{"loc":{"start":{"line":545,"column":18},"end":{"line":579,"column":null}},"type":"cond-expr","locations":[{"start":{"line":545,"column":31},"end":{"line":563,"column":null}},{"start":{"line":573,"column":20},"end":{"line":579,"column":null}}],"line":545},"43":{"loc":{"start":{"line":577,"column":22},"end":{"line":579,"column":26}},"type":"cond-expr","locations":[{"start":{"line":577,"column":40},"end":{"line":578,"column":null}},{"start":{"line":579,"column":24},"end":{"line":579,"column":26}}],"line":577},"44":{"loc":{"start":{"line":606,"column":36},"end":{"line":606,"column":76}},"type":"binary-expr","locations":[{"start":{"line":606,"column":36},"end":{"line":606,"column":53}},{"start":{"line":606,"column":53},"end":{"line":606,"column":76}}],"line":606}},"s":{"0":16,"1":16,"2":16,"3":16,"4":16,"5":16,"6":16,"7":16,"8":16,"9":16,"10":0,"11":0,"12":0,"13":0,"14":16,"15":0,"16":16,"17":16,"18":0,"19":0,"20":0,"21":0,"22":0,"23":0,"24":0,"25":0,"26":0,"27":0,"28":0,"29":0,"30":0,"31":0,"32":0,"33":0,"34":0,"35":0,"36":0,"37":0,"38":0,"39":0,"40":0,"41":0,"42":0,"43":0,"44":0,"45":0,"46":0,"47":0,"48":0,"49":0,"50":0,"51":0,"52":0,"53":0,"54":16,"55":16,"56":100,"57":100,"58":100,"59":100,"60":0,"61":0,"62":0,"63":0,"64":0,"65":0,"66":0,"67":0,"68":65,"69":65,"70":65,"71":0,"72":0,"73":0,"74":0,"75":0,"76":0,"77":17,"78":17,"79":17,"80":0,"81":0,"82":17,"83":17,"84":17,"85":0,"86":0,"87":1,"88":1,"89":1,"90":1,"91":0,"92":0},"f":{"0":16,"1":0,"2":0,"3":100,"4":0,"5":0,"6":65,"7":0,"8":17,"9":17,"10":1},"b":{"0":[0,16],"1":[16,16,16],"2":[0,16],"3":[0,0],"4":[0,0],"5":[0,0],"6":[0,16],"7":[16,0,0],"8":[0,16],"9":[0,0],"10":[0,0],"11":[0,0],"12":[0,0],"13":[0,0,0,0],"14":[0,0],"15":[0,0],"16":[0,0],"17":[0,0],"18":[0,0],"19":[0,0],"20":[0,0],"21":[0,0],"22":[0,0],"23":[0,0],"24":[0,0],"25":[0,0],"26":[0,0],"27":[0,0],"28":[65,65],"29":[31,34],"30":[26,8],"31":[0,0],"32":[0,0],"33":[17,17],"34":[0,0],"35":[17,17],"36":[0,0],"37":[1,1],"38":[1,0],"39":[1,0],"40":[1,0],"41":[1,0],"42":[1,0],"43":[0,0],"44":[0,0]},"meta":{"lastBranch":45,"lastFunction":11,"lastStatement":93,"seen":{"s:7:38:7:Infinity":0,"s:8:36:8:Infinity":1,"f:10:9:10:47":0,"s:11:15:11:Infinity":2,"s:12:15:12:Infinity":3,"b:12:39:12:71:12:71:12:Infinity":0,"s:13:20:13:Infinity":4,"s:14:17:14:Infinity":5,"b:14:17:14:41:14:41:14:63:14:63:14:Infinity":1,"s:15:15:15:Infinity":6,"s:16:15:16:Infinity":7,"s:17:18:17:Infinity":8,"b:19:2:35:Infinity:28:2:35:Infinity":2,"s:19:2:35:Infinity":9,"s:21:31:25:Infinity":10,"b:23:12:23:20:23:20:23:Infinity":3,"b:26:4:26:Infinity:undefined:undefined:undefined:undefined":4,"s:26:4:26:Infinity":11,"b:26:8:26:16:26:16:26:22":5,"s:26:22:26:Infinity":12,"s:27:4:27:Infinity":13,"b:28:2:35:Infinity:33:9:35:Infinity":6,"s:28:2:35:Infinity":14,"b:28:13:28:36:28:36:28:44:28:44:28:50":7,"s:29:4:32:Infinity":15,"s:34:4:34:Infinity":16,"b:37:2:96:Infinity:94:9:96:Infinity":8,"s:37:2:96:Infinity":17,"s:40:4:93:Infinity":18,"f:40:30:40:36":1,"s:41:6:41:Infinity":19,"s:42:6:42:Infinity":20,"f:43:13:43:20":2,"s:44:6:44:Infinity":21,"b:44:47:44:53:44:53:44:Infinity":9,"s:45:6:45:Infinity":22,"b:46:6:46:Infinity:undefined:undefined:undefined:undefined":10,"s:46:6:46:Infinity":23,"s:46:33:46:Infinity":24,"s:49:12:49:Infinity":25,"b:49:25:49:50:49:50:49:54":11,"s:50:19:50:Infinity":26,"s:51:19:51:Infinity":27,"b:53:6:87:Infinity:undefined:undefined:undefined:undefined":12,"s:53:6:87:Infinity":28,"b:53:11:53:45:53:45:53:86:53:86:53:94:53:94:53:100":13,"s:54:8:74:Infinity":29,"s:55:10:55:Infinity":30,"s:56:27:65:Infinity":31,"s:66:10:66:Infinity":32,"s:67:10:67:Infinity":33,"s:68:10:68:Infinity":34,"s:69:10:69:Infinity":35,"s:70:10:70:Infinity":36,"s:72:10:72:Infinity":37,"b:72:81:72:97:72:97:72:102":14,"b:72:56:72:65:72:65:72:81":15,"b:73:10:73:Infinity:undefined:undefined:undefined:undefined":16,"s:73:10:73:Infinity":38,"b:73:14:73:23:73:23:73:36":17,"s:73:36:73:Infinity":39,"s:75:8:86:Infinity":40,"s:76:10:76:Infinity":41,"s:77:28:77:Infinity":42,"s:78:10:78:Infinity":43,"s:79:10:79:Infinity":44,"s:80:10:80:Infinity":45,"s:81:10:81:Infinity":46,"s:82:10:82:Infinity":47,"s:84:10:84:Infinity":48,"b:84:91:84:108:84:108:84:114":18,"b:84:64:84:74:84:74:84:91":19,"b:85:10:85:Infinity:undefined:undefined:undefined:undefined":20,"s:85:10:85:Infinity":49,"b:85:14:85:24:85:24:85:38":21,"s:85:38:85:Infinity":50,"s:90:6:90:Infinity":51,"s:91:6:91:Infinity":52,"s:92:6:92:Infinity":53,"s:95:4:95:Infinity":54,"s:99:0:99:Infinity":55,"f:102:15:102:25":3,"s:107:2:115:Infinity":56,"s:109:18:109:Infinity":57,"s:110:4:110:Infinity":58,"s:111:4:111:Infinity":59,"s:113:4:113:Infinity":60,"s:114:4:114:Infinity":61,"f:118:22:118:Infinity":4,"s:123:2:172:Infinity":62,"s:124:21:124:Infinity":63,"b:124:24:124:52:124:52:124:75":22,"s:126:4:168:Infinity":64,"s:170:4:170:Infinity":65,"s:171:4:171:Infinity":66,"b:171:36:171:53:171:53:171:76":23,"f:176:16:176:32":5,"s:177:2:183:Infinity":67,"b:179:10:179:35:179:35:179:Infinity":24,"b:180:34:180:66:180:66:180:Infinity":25,"b:181:13:181:41:181:41:181:Infinity":26,"b:182:39:182:108:182:108:182:Infinity":27,"f:186:22:186:Infinity":6,"s:191:2:259:Infinity":68,"s:192:25:192:Infinity":69,"b:192:28:192:56:192:56:192:79":28,"s:194:4:255:Infinity":70,"b:223:42:223:Infinity:228:24:233:Infinity":29,"b:228:43:228:Infinity:233:24:233:Infinity":30,"s:257:4:257:Infinity":71,"s:258:4:258:Infinity":72,"b:258:36:258:53:258:53:258:76":31,"f:262:22:262:Infinity":7,"s:266:2:317:Infinity":73,"s:267:4:313:Infinity":74,"s:315:4:315:Infinity":75,"s:316:4:316:Infinity":76,"b:316:36:316:53:316:53:316:76":32,"f:320:22:320:Infinity":8,"s:331:2:408:Infinity":77,"s:332:21:332:Infinity":78,"b:332:24:332:52:332:52:332:75":33,"s:334:4:404:Infinity":79,"s:406:4:406:Infinity":80,"s:407:4:407:Infinity":81,"b:407:36:407:53:407:53:407:76":34,"f:411:22:411:Infinity":9,"s:422:2:504:Infinity":82,"s:423:21:423:Infinity":83,"b:423:24:423:52:423:52:423:75":35,"s:425:4:500:Infinity":84,"s:502:4:502:Infinity":85,"s:503:4:503:Infinity":86,"b:503:36:503:53:503:53:503:76":36,"f:507:22:507:Infinity":10,"s:513:2:607:Infinity":87,"s:514:23:514:Infinity":88,"s:515:25:515:Infinity":89,"b:515:28:515:56:515:56:515:79":37,"s:517:4:603:Infinity":90,"b:520:10:520:Infinity:521:10:521:Infinity":38,"b:530:51:530:63:530:63:530:72":39,"b:532:136:532:148:532:148:532:157":40,"b:540:35:540:65:540:65:540:89":41,"b:545:31:563:Infinity:573:20:579:Infinity":42,"b:577:40:578:Infinity:579:24:579:26":43,"s:605:4:605:Infinity":91,"s:606:4:606:Infinity":92,"b:606:36:606:53:606:53:606:76":44}}}
,"C:\\Users\\asabr\\OneDrive\\Desktop\\Project\\AgriCompassWeb\\server\\emailQueue.ts": {"path":"C:\\Users\\asabr\\OneDrive\\Desktop\\Project\\AgriCompassWeb\\server\\emailQueue.ts","statementMap":{"0":{"start":{"line":15,"column":26},"end":{"line":15,"column":null}},"1":{"start":{"line":16,"column":17},"end":{"line":16,"column":null}},"2":{"start":{"line":19,"column":13},"end":{"line":19,"column":null}},"3":{"start":{"line":20,"column":28},"end":{"line":27,"column":null}},"4":{"start":{"line":28,"column":2},"end":{"line":28,"column":null}},"5":{"start":{"line":30,"column":2},"end":{"line":30,"column":null}},"6":{"start":{"line":30,"column":19},"end":{"line":30,"column":null}},"7":{"start":{"line":31,"column":2},"end":{"line":31,"column":null}},"8":{"start":{"line":35,"column":2},"end":{"line":35,"column":null}},"9":{"start":{"line":36,"column":2},"end":{"line":54,"column":null}},"10":{"start":{"line":37,"column":16},"end":{"line":37,"column":null}},"11":{"start":{"line":38,"column":4},"end":{"line":51,"column":null}},"12":{"start":{"line":39,"column":6},"end":{"line":39,"column":null}},"13":{"start":{"line":40,"column":6},"end":{"line":40,"column":null}},"14":{"start":{"line":42,"column":6},"end":{"line":42,"column":null}},"15":{"start":{"line":43,"column":6},"end":{"line":50,"column":null}},"16":{"start":{"line":44,"column":24},"end":{"line":44,"column":null}},"17":{"start":{"line":45,"column":8},"end":{"line":45,"column":null}},"18":{"start":{"line":47,"column":8},"end":{"line":47,"column":null}},"19":{"start":{"line":47,"column":25},"end":{"line":47,"column":45}},"20":{"start":{"line":49,"column":8},"end":{"line":49,"column":null}},"21":{"start":{"line":53,"column":4},"end":{"line":53,"column":null}},"22":{"start":{"line":55,"column":2},"end":{"line":55,"column":null}},"23":{"start":{"line":60,"column":15},"end":{"line":60,"column":null}},"24":{"start":{"line":61,"column":15},"end":{"line":61,"column":null}},"25":{"start":{"line":62,"column":20},"end":{"line":62,"column":null}},"26":{"start":{"line":63,"column":17},"end":{"line":63,"column":null}},"27":{"start":{"line":64,"column":15},"end":{"line":64,"column":null}},"28":{"start":{"line":65,"column":15},"end":{"line":65,"column":null}},"29":{"start":{"line":66,"column":18},"end":{"line":66,"column":null}},"30":{"start":{"line":68,"column":25},"end":{"line":68,"column":null}},"31":{"start":{"line":69,"column":2},"end":{"line":75,"column":null}},"32":{"start":{"line":70,"column":22},"end":{"line":70,"column":null}},"33":{"start":{"line":71,"column":4},"end":{"line":71,"column":null}},"34":{"start":{"line":71,"column":22},"end":{"line":71,"column":null}},"35":{"start":{"line":72,"column":4},"end":{"line":72,"column":null}},"36":{"start":{"line":73,"column":2},"end":{"line":75,"column":null}},"37":{"start":{"line":74,"column":4},"end":{"line":74,"column":null}},"38":{"start":{"line":77,"column":2},"end":{"line":80,"column":null}},"39":{"start":{"line":78,"column":4},"end":{"line":78,"column":null}},"40":{"start":{"line":79,"column":4},"end":{"line":79,"column":null}},"41":{"start":{"line":83,"column":2},"end":{"line":97,"column":null}},"42":{"start":{"line":85,"column":4},"end":{"line":85,"column":null}},"43":{"start":{"line":86,"column":4},"end":{"line":86,"column":null}},"44":{"start":{"line":87,"column":4},"end":{"line":87,"column":null}},"45":{"start":{"line":88,"column":4},"end":{"line":88,"column":null}},"46":{"start":{"line":90,"column":4},"end":{"line":90,"column":null}},"47":{"start":{"line":93,"column":14},"end":{"line":93,"column":null}},"48":{"start":{"line":94,"column":4},"end":{"line":94,"column":null}},"49":{"start":{"line":95,"column":4},"end":{"line":95,"column":null}},"50":{"start":{"line":96,"column":4},"end":{"line":96,"column":null}},"51":{"start":{"line":99,"column":2},"end":{"line":111,"column":null}},"52":{"start":{"line":100,"column":4},"end":{"line":105,"column":null}},"53":{"start":{"line":107,"column":14},"end":{"line":107,"column":null}},"54":{"start":{"line":108,"column":4},"end":{"line":108,"column":null}},"55":{"start":{"line":109,"column":4},"end":{"line":109,"column":null}},"56":{"start":{"line":109,"column":17},"end":{"line":109,"column":null}},"57":{"start":{"line":110,"column":4},"end":{"line":110,"column":null}}},"fnMap":{"0":{"name":"enqueueEmail","decl":{"start":{"line":18,"column":16},"end":{"line":18,"column":29}},"loc":{"start":{"line":18,"column":112},"end":{"line":32,"column":null}},"line":18},"1":{"name":"processQueue","decl":{"start":{"line":34,"column":15},"end":{"line":34,"column":30}},"loc":{"start":{"line":34,"column":30},"end":{"line":56,"column":null}},"line":34},"2":{"name":"(anonymous_2)","decl":{"start":{"line":47,"column":19},"end":{"line":47,"column":25}},"loc":{"start":{"line":47,"column":25},"end":{"line":47,"column":45}},"line":47},"3":{"name":"attemptSend","decl":{"start":{"line":58,"column":15},"end":{"line":58,"column":27}},"loc":{"start":{"line":58,"column":75},"end":{"line":112,"column":null}},"line":58}},"branchMap":{"0":{"loc":{"start":{"line":26,"column":17},"end":{"line":26,"column":null}},"type":"binary-expr","locations":[{"start":{"line":26,"column":17},"end":{"line":26,"column":36}},{"start":{"line":26,"column":36},"end":{"line":26,"column":null}}],"line":26},"1":{"loc":{"start":{"line":30,"column":2},"end":{"line":30,"column":null}},"type":"if","locations":[{"start":{"line":30,"column":2},"end":{"line":30,"column":null}},{"start":{},"end":{}}],"line":30},"2":{"loc":{"start":{"line":43,"column":6},"end":{"line":50,"column":null}},"type":"if","locations":[{"start":{"line":43,"column":6},"end":{"line":50,"column":null}},{"start":{"line":48,"column":13},"end":{"line":50,"column":null}}],"line":43},"3":{"loc":{"start":{"line":45,"column":69},"end":{"line":45,"column":107}},"type":"cond-expr","locations":[{"start":{"line":45,"column":90},"end":{"line":45,"column":104}},{"start":{"line":45,"column":104},"end":{"line":45,"column":107}}],"line":45},"4":{"loc":{"start":{"line":45,"column":69},"end":{"line":45,"column":90}},"type":"binary-expr","locations":[{"start":{"line":45,"column":69},"end":{"line":45,"column":76}},{"start":{"line":45,"column":76},"end":{"line":45,"column":90}}],"line":45},"5":{"loc":{"start":{"line":49,"column":86},"end":{"line":49,"column":124}},"type":"cond-expr","locations":[{"start":{"line":49,"column":107},"end":{"line":49,"column":121}},{"start":{"line":49,"column":121},"end":{"line":49,"column":124}}],"line":49},"6":{"loc":{"start":{"line":49,"column":86},"end":{"line":49,"column":107}},"type":"binary-expr","locations":[{"start":{"line":49,"column":86},"end":{"line":49,"column":93}},{"start":{"line":49,"column":93},"end":{"line":49,"column":107}}],"line":49},"7":{"loc":{"start":{"line":61,"column":15},"end":{"line":61,"column":null}},"type":"cond-expr","locations":[{"start":{"line":61,"column":39},"end":{"line":61,"column":71}},{"start":{"line":61,"column":71},"end":{"line":61,"column":null}}],"line":61},"8":{"loc":{"start":{"line":63,"column":17},"end":{"line":63,"column":null}},"type":"binary-expr","locations":[{"start":{"line":63,"column":17},"end":{"line":63,"column":41}},{"start":{"line":63,"column":41},"end":{"line":63,"column":63}},{"start":{"line":63,"column":63},"end":{"line":63,"column":null}}],"line":63},"9":{"loc":{"start":{"line":69,"column":2},"end":{"line":75,"column":null}},"type":"if","locations":[{"start":{"line":69,"column":2},"end":{"line":75,"column":null}},{"start":{"line":73,"column":2},"end":{"line":75,"column":null}}],"line":69},"10":{"loc":{"start":{"line":70,"column":36},"end":{"line":70,"column":49}},"type":"binary-expr","locations":[{"start":{"line":70,"column":36},"end":{"line":70,"column":44}},{"start":{"line":70,"column":44},"end":{"line":70,"column":49}}],"line":70},"11":{"loc":{"start":{"line":71,"column":4},"end":{"line":71,"column":null}},"type":"if","locations":[{"start":{"line":71,"column":4},"end":{"line":71,"column":null}},{"start":{},"end":{}}],"line":71},"12":{"loc":{"start":{"line":71,"column":8},"end":{"line":71,"column":22}},"type":"binary-expr","locations":[{"start":{"line":71,"column":8},"end":{"line":71,"column":16}},{"start":{"line":71,"column":16},"end":{"line":71,"column":22}}],"line":71},"13":{"loc":{"start":{"line":73,"column":2},"end":{"line":75,"column":null}},"type":"if","locations":[{"start":{"line":73,"column":2},"end":{"line":75,"column":null}},{"start":{},"end":{}}],"line":73},"14":{"loc":{"start":{"line":73,"column":13},"end":{"line":73,"column":50}},"type":"binary-expr","locations":[{"start":{"line":73,"column":13},"end":{"line":73,"column":36}},{"start":{"line":73,"column":36},"end":{"line":73,"column":44}},{"start":{"line":73,"column":44},"end":{"line":73,"column":50}}],"line":73},"15":{"loc":{"start":{"line":77,"column":2},"end":{"line":80,"column":null}},"type":"if","locations":[{"start":{"line":77,"column":2},"end":{"line":80,"column":null}},{"start":{},"end":{}}],"line":77},"16":{"loc":{"start":{"line":85,"column":26},"end":{"line":85,"column":null}},"type":"binary-expr","locations":[{"start":{"line":85,"column":26},"end":{"line":85,"column":49}},{"start":{"line":85,"column":49},"end":{"line":85,"column":null}}],"line":85},"17":{"loc":{"start":{"line":86,"column":44},"end":{"line":86,"column":null}},"type":"binary-expr","locations":[{"start":{"line":86,"column":44},"end":{"line":86,"column":85}},{"start":{"line":86,"column":85},"end":{"line":86,"column":null}}],"line":86},"18":{"loc":{"start":{"line":87,"column":42},"end":{"line":87,"column":null}},"type":"binary-expr","locations":[{"start":{"line":87,"column":42},"end":{"line":87,"column":81}},{"start":{"line":87,"column":81},"end":{"line":87,"column":null}}],"line":87},"19":{"loc":{"start":{"line":88,"column":40},"end":{"line":88,"column":null}},"type":"binary-expr","locations":[{"start":{"line":88,"column":40},"end":{"line":88,"column":77}},{"start":{"line":88,"column":77},"end":{"line":88,"column":null}}],"line":88},"20":{"loc":{"start":{"line":93,"column":14},"end":{"line":93,"column":null}},"type":"cond-expr","locations":[{"start":{"line":93,"column":37},"end":{"line":93,"column":43}},{"start":{"line":93,"column":43},"end":{"line":93,"column":null}}],"line":93},"21":{"loc":{"start":{"line":101,"column":12},"end":{"line":101,"column":null}},"type":"binary-expr","locations":[{"start":{"line":101,"column":12},"end":{"line":101,"column":37}},{"start":{"line":101,"column":37},"end":{"line":101,"column":null}}],"line":101},"22":{"loc":{"start":{"line":107,"column":14},"end":{"line":107,"column":null}},"type":"cond-expr","locations":[{"start":{"line":107,"column":37},"end":{"line":107,"column":43}},{"start":{"line":107,"column":43},"end":{"line":107,"column":null}}],"line":107},"23":{"loc":{"start":{"line":109,"column":4},"end":{"line":109,"column":null}},"type":"if","locations":[{"start":{"line":109,"column":4},"end":{"line":109,"column":null}},{"start":{},"end":{}}],"line":109}},"s":{"0":16,"1":16,"2":100,"3":100,"4":100,"5":100,"6":49,"7":100,"8":49,"9":49,"10":86,"11":86,"12":86,"13":86,"14":0,"15":0,"16":0,"17":0,"18":0,"19":0,"20":0,"21":86,"22":44,"23":86,"24":86,"25":86,"26":86,"27":86,"28":86,"29":86,"30":86,"31":86,"32":0,"33":0,"34":0,"35":0,"36":86,"37":0,"38":86,"39":86,"40":86,"41":0,"42":0,"43":86,"44":86,"45":86,"46":86,"47":0,"48":0,"49":0,"50":0,"51":0,"52":0,"53":0,"54":0,"55":0,"56":0,"57":0},"f":{"0":100,"1":49,"2":0,"3":86},"b":{"0":[100,100],"1":[49,51],"2":[0,0],"3":[0,0],"4":[0,0],"5":[0,0],"6":[0,0],"7":[0,86],"8":[86,86,86],"9":[0,86],"10":[0,0],"11":[0,0],"12":[0,0],"13":[0,86],"14":[86,0,0],"15":[86,0],"16":[0,0],"17":[86,0],"18":[86,0],"19":[86,0],"20":[0,0],"21":[0,0],"22":[0,0],"23":[0,0]},"meta":{"lastBranch":24,"lastFunction":4,"lastStatement":58,"seen":{"s:15:26:15:Infinity":0,"s:16:17:16:Infinity":1,"f:18:16:18:29":0,"s:19:13:19:Infinity":2,"s:20:28:27:Infinity":3,"b:26:17:26:36:26:36:26:Infinity":0,"s:28:2:28:Infinity":4,"b:30:2:30:Infinity:undefined:undefined:undefined:undefined":1,"s:30:2:30:Infinity":5,"s:30:19:30:Infinity":6,"s:31:2:31:Infinity":7,"f:34:15:34:30":1,"s:35:2:35:Infinity":8,"s:36:2:54:Infinity":9,"s:37:16:37:Infinity":10,"s:38:4:51:Infinity":11,"s:39:6:39:Infinity":12,"s:40:6:40:Infinity":13,"s:42:6:42:Infinity":14,"b:43:6:50:Infinity:48:13:50:Infinity":2,"s:43:6:50:Infinity":15,"s:44:24:44:Infinity":16,"s:45:8:45:Infinity":17,"b:45:90:45:104:45:104:45:107":3,"b:45:69:45:76:45:76:45:90":4,"s:47:8:47:Infinity":18,"f:47:19:47:25":2,"s:47:25:47:45":19,"s:49:8:49:Infinity":20,"b:49:107:49:121:49:121:49:124":5,"b:49:86:49:93:49:93:49:107":6,"s:53:4:53:Infinity":21,"s:55:2:55:Infinity":22,"f:58:15:58:27":3,"s:60:15:60:Infinity":23,"s:61:15:61:Infinity":24,"b:61:39:61:71:61:71:61:Infinity":7,"s:62:20:62:Infinity":25,"s:63:17:63:Infinity":26,"b:63:17:63:41:63:41:63:63:63:63:63:Infinity":8,"s:64:15:64:Infinity":27,"s:65:15:65:Infinity":28,"s:66:18:66:Infinity":29,"s:68:25:68:Infinity":30,"b:69:2:75:Infinity:73:2:75:Infinity":9,"s:69:2:75:Infinity":31,"s:70:22:70:Infinity":32,"b:70:36:70:44:70:44:70:49":10,"b:71:4:71:Infinity:undefined:undefined:undefined:undefined":11,"s:71:4:71:Infinity":33,"b:71:8:71:16:71:16:71:22":12,"s:71:22:71:Infinity":34,"s:72:4:72:Infinity":35,"b:73:2:75:Infinity:undefined:undefined:undefined:undefined":13,"s:73:2:75:Infinity":36,"b:73:13:73:36:73:36:73:44:73:44:73:50":14,"s:74:4:74:Infinity":37,"b:77:2:80:Infinity:undefined:undefined:undefined:undefined":15,"s:77:2:80:Infinity":38,"s:78:4:78:Infinity":39,"s:79:4:79:Infinity":40,"s:83:2:97:Infinity":41,"s:85:4:85:Infinity":42,"b:85:26:85:49:85:49:85:Infinity":16,"s:86:4:86:Infinity":43,"b:86:44:86:85:86:85:86:Infinity":17,"s:87:4:87:Infinity":44,"b:87:42:87:81:87:81:87:Infinity":18,"s:88:4:88:Infinity":45,"b:88:40:88:77:88:77:88:Infinity":19,"s:90:4:90:Infinity":46,"s:93:14:93:Infinity":47,"b:93:37:93:43:93:43:93:Infinity":20,"s:94:4:94:Infinity":48,"s:95:4:95:Infinity":49,"s:96:4:96:Infinity":50,"s:99:2:111:Infinity":51,"s:100:4:105:Infinity":52,"b:101:12:101:37:101:37:101:Infinity":21,"s:107:14:107:Infinity":53,"b:107:37:107:43:107:43:107:Infinity":22,"s:108:4:108:Infinity":54,"b:109:4:109:Infinity:undefined:undefined:undefined:undefined":23,"s:109:4:109:Infinity":55,"s:109:17:109:Infinity":56,"s:110:4:110:Infinity":57}}}
,"C:\\Users\\asabr\\OneDrive\\Desktop\\Project\\AgriCompassWeb\\server\\routes.ts": {"path":"C:\\Users\\asabr\\OneDrive\\Desktop\\Project\\AgriCompassWeb\\server\\routes.ts","statementMap":{"0":{"start":{"line":18,"column":2},"end":{"line":18,"column":null}},"1":{"start":{"line":18,"column":15},"end":{"line":18,"column":null}},"2":{"start":{"line":20,"column":20},"end":{"line":20,"column":null}},"3":{"start":{"line":21,"column":21},"end":{"line":21,"column":null}},"4":{"start":{"line":22,"column":2},"end":{"line":22,"column":null}},"5":{"start":{"line":26,"column":2},"end":{"line":26,"column":null}},"6":{"start":{"line":26,"column":15},"end":{"line":26,"column":null}},"7":{"start":{"line":27,"column":2},"end":{"line":29,"column":null}},"8":{"start":{"line":28,"column":4},"end":{"line":28,"column":null}},"9":{"start":{"line":30,"column":2},"end":{"line":30,"column":null}},"10":{"start":{"line":35,"column":2},"end":{"line":37,"column":null}},"11":{"start":{"line":36,"column":4},"end":{"line":36,"column":null}},"12":{"start":{"line":38,"column":2},"end":{"line":38,"column":null}},"13":{"start":{"line":43,"column":2},"end":{"line":51,"column":null}},"14":{"start":{"line":44,"column":4},"end":{"line":46,"column":null}},"15":{"start":{"line":45,"column":6},"end":{"line":45,"column":null}},"16":{"start":{"line":47,"column":4},"end":{"line":49,"column":null}},"17":{"start":{"line":48,"column":6},"end":{"line":48,"column":null}},"18":{"start":{"line":50,"column":4},"end":{"line":50,"column":null}},"19":{"start":{"line":56,"column":2},"end":{"line":63,"column":null}},"20":{"start":{"line":57,"column":4},"end":{"line":62,"column":null}},"21":{"start":{"line":58,"column":12},"end":{"line":58,"column":null}},"22":{"start":{"line":59,"column":6},"end":{"line":59,"column":null}},"23":{"start":{"line":61,"column":6},"end":{"line":61,"column":null}},"24":{"start":{"line":65,"column":2},"end":{"line":108,"column":null}},"25":{"start":{"line":66,"column":4},"end":{"line":107,"column":null}},"26":{"start":{"line":67,"column":19},"end":{"line":67,"column":null}},"27":{"start":{"line":70,"column":25},"end":{"line":70,"column":null}},"28":{"start":{"line":71,"column":6},"end":{"line":73,"column":null}},"29":{"start":{"line":72,"column":8},"end":{"line":72,"column":null}},"30":{"start":{"line":76,"column":6},"end":{"line":78,"column":null}},"31":{"start":{"line":77,"column":8},"end":{"line":77,"column":null}},"32":{"start":{"line":81,"column":27},"end":{"line":81,"column":null}},"33":{"start":{"line":82,"column":6},"end":{"line":84,"column":null}},"34":{"start":{"line":83,"column":8},"end":{"line":83,"column":null}},"35":{"start":{"line":87,"column":29},"end":{"line":87,"column":null}},"36":{"start":{"line":89,"column":19},"end":{"line":93,"column":null}},"37":{"start":{"line":96,"column":6},"end":{"line":96,"column":null}},"38":{"start":{"line":99,"column":6},"end":{"line":101,"column":null}},"39":{"start":{"line":100,"column":8},"end":{"line":100,"column":null}},"40":{"start":{"line":103,"column":6},"end":{"line":103,"column":null}},"41":{"start":{"line":105,"column":6},"end":{"line":105,"column":null}},"42":{"start":{"line":106,"column":6},"end":{"line":106,"column":null}},"43":{"start":{"line":110,"column":2},"end":{"line":174,"column":null}},"44":{"start":{"line":111,"column":4},"end":{"line":173,"column":null}},"45":{"start":{"line":112,"column":34},"end":{"line":112,"column":null}},"46":{"start":{"line":115,"column":30},"end":{"line":115,"column":null}},"47":{"start":{"line":116,"column":6},"end":{"line":118,"column":null}},"48":{"start":{"line":117,"column":8},"end":{"line":117,"column":null}},"49":{"start":{"line":120,"column":19},"end":{"line":120,"column":null}},"50":{"start":{"line":121,"column":6},"end":{"line":123,"column":null}},"51":{"start":{"line":122,"column":8},"end":{"line":122,"column":null}},"52":{"start":{"line":125,"column":6},"end":{"line":125,"column":null}},"53":{"start":{"line":128,"column":6},"end":{"line":130,"column":null}},"54":{"start":{"line":129,"column":8},"end":{"line":129,"column":null}},"55":{"start":{"line":133,"column":22},"end":{"line":133,"column":null}},"56":{"start":{"line":134,"column":6},"end":{"line":151,"column":null}},"57":{"start":{"line":136,"column":8},"end":{"line":148,"column":null}},"58":{"start":{"line":137,"column":16},"end":{"line":137,"column":null}},"59":{"start":{"line":138,"column":31},"end":{"line":138,"column":null}},"60":{"start":{"line":139,"column":36},"end":{"line":139,"column":null}},"61":{"start":{"line":140,"column":34},"end":{"line":140,"column":null}},"62":{"start":{"line":141,"column":10},"end":{"line":144,"column":null}},"63":{"start":{"line":142,"column":12},"end":{"line":142,"column":null}},"64":{"start":{"line":143,"column":12},"end":{"line":143,"column":null}},"65":{"start":{"line":145,"column":10},"end":{"line":145,"column":null}},"66":{"start":{"line":147,"column":10},"end":{"line":147,"column":null}},"67":{"start":{"line":150,"column":8},"end":{"line":150,"column":null}},"68":{"start":{"line":154,"column":6},"end":{"line":156,"column":null}},"69":{"start":{"line":155,"column":8},"end":{"line":155,"column":null}},"70":{"start":{"line":159,"column":6},"end":{"line":159,"column":null}},"71":{"start":{"line":162,"column":6},"end":{"line":167,"column":null}},"72":{"start":{"line":163,"column":8},"end":{"line":166,"column":null}},"73":{"start":{"line":164,"column":10},"end":{"line":165,"column":null}},"74":{"start":{"line":164,"column":19},"end":{"line":164,"column":null}},"75":{"start":{"line":165,"column":15},"end":{"line":165,"column":null}},"76":{"start":{"line":169,"column":6},"end":{"line":169,"column":null}},"77":{"start":{"line":171,"column":6},"end":{"line":171,"column":null}},"78":{"start":{"line":172,"column":6},"end":{"line":172,"column":null}},"79":{"start":{"line":176,"column":2},"end":{"line":183,"column":null}},"80":{"start":{"line":177,"column":4},"end":{"line":182,"column":null}},"81":{"start":{"line":178,"column":6},"end":{"line":180,"column":null}},"82":{"start":{"line":179,"column":8},"end":{"line":179,"column":null}},"83":{"start":{"line":181,"column":6},"end":{"line":181,"column":null}},"84":{"start":{"line":186,"column":2},"end":{"line":224,"column":null}},"85":{"start":{"line":187,"column":4},"end":{"line":223,"column":null}},"86":{"start":{"line":188,"column":24},"end":{"line":188,"column":null}},"87":{"start":{"line":190,"column":6},"end":{"line":192,"column":null}},"88":{"start":{"line":191,"column":8},"end":{"line":191,"column":null}},"89":{"start":{"line":194,"column":30},"end":{"line":194,"column":null}},"90":{"start":{"line":195,"column":19},"end":{"line":195,"column":null}},"91":{"start":{"line":198,"column":6},"end":{"line":200,"column":null}},"92":{"start":{"line":199,"column":8},"end":{"line":199,"column":null}},"93":{"start":{"line":203,"column":25},"end":{"line":203,"column":null}},"94":{"start":{"line":204,"column":31},"end":{"line":204,"column":null}},"95":{"start":{"line":207,"column":6},"end":{"line":210,"column":null}},"96":{"start":{"line":213,"column":21},"end":{"line":213,"column":null}},"97":{"start":{"line":215,"column":6},"end":{"line":217,"column":null}},"98":{"start":{"line":216,"column":8},"end":{"line":216,"column":null}},"99":{"start":{"line":219,"column":6},"end":{"line":219,"column":null}},"100":{"start":{"line":221,"column":6},"end":{"line":221,"column":null}},"101":{"start":{"line":222,"column":6},"end":{"line":222,"column":null}},"102":{"start":{"line":226,"column":2},"end":{"line":269,"column":null}},"103":{"start":{"line":227,"column":4},"end":{"line":268,"column":null}},"104":{"start":{"line":228,"column":37},"end":{"line":228,"column":null}},"105":{"start":{"line":230,"column":6},"end":{"line":232,"column":null}},"106":{"start":{"line":231,"column":8},"end":{"line":231,"column":null}},"107":{"start":{"line":235,"column":6},"end":{"line":237,"column":null}},"108":{"start":{"line":236,"column":8},"end":{"line":236,"column":null}},"109":{"start":{"line":240,"column":19},"end":{"line":240,"column":null}},"110":{"start":{"line":242,"column":6},"end":{"line":244,"column":null}},"111":{"start":{"line":243,"column":8},"end":{"line":243,"column":null}},"112":{"start":{"line":247,"column":6},"end":{"line":249,"column":null}},"113":{"start":{"line":248,"column":8},"end":{"line":248,"column":null}},"114":{"start":{"line":252,"column":29},"end":{"line":252,"column":null}},"115":{"start":{"line":255,"column":6},"end":{"line":259,"column":null}},"116":{"start":{"line":262,"column":6},"end":{"line":262,"column":null}},"117":{"start":{"line":264,"column":6},"end":{"line":264,"column":null}},"118":{"start":{"line":266,"column":6},"end":{"line":266,"column":null}},"119":{"start":{"line":267,"column":6},"end":{"line":267,"column":null}},"120":{"start":{"line":271,"column":2},"end":{"line":286,"column":null}},"121":{"start":{"line":272,"column":4},"end":{"line":285,"column":null}},"122":{"start":{"line":273,"column":6},"end":{"line":282,"column":null}},"123":{"start":{"line":274,"column":26},"end":{"line":274,"column":null}},"124":{"start":{"line":275,"column":8},"end":{"line":275,"column":null}},"125":{"start":{"line":275,"column":24},"end":{"line":275,"column":null}},"126":{"start":{"line":276,"column":8},"end":{"line":276,"column":null}},"127":{"start":{"line":277,"column":42},"end":{"line":277,"column":null}},"128":{"start":{"line":278,"column":8},"end":{"line":278,"column":null}},"129":{"start":{"line":280,"column":8},"end":{"line":280,"column":null}},"130":{"start":{"line":281,"column":8},"end":{"line":281,"column":null}},"131":{"start":{"line":284,"column":6},"end":{"line":284,"column":null}},"132":{"start":{"line":290,"column":2},"end":{"line":324,"column":null}},"133":{"start":{"line":291,"column":4},"end":{"line":323,"column":null}},"134":{"start":{"line":292,"column":37},"end":{"line":292,"column":null}},"135":{"start":{"line":294,"column":6},"end":{"line":296,"column":null}},"136":{"start":{"line":295,"column":8},"end":{"line":295,"column":null}},"137":{"start":{"line":299,"column":19},"end":{"line":299,"column":null}},"138":{"start":{"line":300,"column":6},"end":{"line":302,"column":null}},"139":{"start":{"line":301,"column":8},"end":{"line":301,"column":null}},"140":{"start":{"line":305,"column":6},"end":{"line":307,"column":null}},"141":{"start":{"line":306,"column":8},"end":{"line":306,"column":null}},"142":{"start":{"line":310,"column":29},"end":{"line":310,"column":null}},"143":{"start":{"line":313,"column":6},"end":{"line":317,"column":null}},"144":{"start":{"line":319,"column":6},"end":{"line":319,"column":null}},"145":{"start":{"line":321,"column":6},"end":{"line":321,"column":null}},"146":{"start":{"line":322,"column":6},"end":{"line":322,"column":null}},"147":{"start":{"line":327,"column":2},"end":{"line":335,"column":null}},"148":{"start":{"line":328,"column":4},"end":{"line":334,"column":null}},"149":{"start":{"line":329,"column":23},"end":{"line":329,"column":null}},"150":{"start":{"line":330,"column":6},"end":{"line":330,"column":null}},"151":{"start":{"line":332,"column":6},"end":{"line":332,"column":null}},"152":{"start":{"line":333,"column":6},"end":{"line":333,"column":null}},"153":{"start":{"line":337,"column":2},"end":{"line":348,"column":null}},"154":{"start":{"line":338,"column":4},"end":{"line":347,"column":null}},"155":{"start":{"line":339,"column":22},"end":{"line":339,"column":null}},"156":{"start":{"line":340,"column":6},"end":{"line":342,"column":null}},"157":{"start":{"line":341,"column":8},"end":{"line":341,"column":null}},"158":{"start":{"line":343,"column":6},"end":{"line":343,"column":null}},"159":{"start":{"line":345,"column":6},"end":{"line":345,"column":null}},"160":{"start":{"line":346,"column":6},"end":{"line":346,"column":null}},"161":{"start":{"line":351,"column":2},"end":{"line":372,"column":null}},"162":{"start":{"line":352,"column":4},"end":{"line":371,"column":null}},"163":{"start":{"line":353,"column":6},"end":{"line":355,"column":null}},"164":{"start":{"line":354,"column":8},"end":{"line":354,"column":null}},"165":{"start":{"line":357,"column":23},"end":{"line":357,"column":null}},"166":{"start":{"line":357,"column":37},"end":{"line":357,"column":75}},"167":{"start":{"line":359,"column":6},"end":{"line":367,"column":null}},"168":{"start":{"line":361,"column":47},"end":{"line":366,"column":10}},"169":{"start":{"line":369,"column":6},"end":{"line":369,"column":null}},"170":{"start":{"line":370,"column":6},"end":{"line":370,"column":null}},"171":{"start":{"line":375,"column":2},"end":{"line":398,"column":null}},"172":{"start":{"line":376,"column":4},"end":{"line":397,"column":null}},"173":{"start":{"line":377,"column":23},"end":{"line":377,"column":null}},"174":{"start":{"line":380,"column":6},"end":{"line":382,"column":null}},"175":{"start":{"line":381,"column":8},"end":{"line":381,"column":null}},"176":{"start":{"line":384,"column":6},"end":{"line":393,"column":null}},"177":{"start":{"line":385,"column":8},"end":{"line":385,"column":null}},"178":{"start":{"line":386,"column":8},"end":{"line":386,"column":null}},"179":{"start":{"line":388,"column":8},"end":{"line":390,"column":null}},"180":{"start":{"line":389,"column":10},"end":{"line":389,"column":null}},"181":{"start":{"line":391,"column":8},"end":{"line":391,"column":null}},"182":{"start":{"line":392,"column":8},"end":{"line":392,"column":null}},"183":{"start":{"line":395,"column":6},"end":{"line":395,"column":null}},"184":{"start":{"line":396,"column":6},"end":{"line":396,"column":null}},"185":{"start":{"line":400,"column":2},"end":{"line":423,"column":null}},"186":{"start":{"line":401,"column":4},"end":{"line":422,"column":null}},"187":{"start":{"line":403,"column":23},"end":{"line":403,"column":null}},"188":{"start":{"line":405,"column":19},"end":{"line":408,"column":null}},"189":{"start":{"line":410,"column":22},"end":{"line":410,"column":null}},"190":{"start":{"line":413,"column":32},"end":{"line":413,"column":null}},"191":{"start":{"line":414,"column":6},"end":{"line":416,"column":null}},"192":{"start":{"line":415,"column":8},"end":{"line":415,"column":null}},"193":{"start":{"line":418,"column":6},"end":{"line":418,"column":null}},"194":{"start":{"line":420,"column":6},"end":{"line":420,"column":null}},"195":{"start":{"line":421,"column":6},"end":{"line":421,"column":null}},"196":{"start":{"line":425,"column":2},"end":{"line":445,"column":null}},"197":{"start":{"line":426,"column":4},"end":{"line":444,"column":null}},"198":{"start":{"line":428,"column":22},"end":{"line":428,"column":null}},"199":{"start":{"line":429,"column":6},"end":{"line":431,"column":null}},"200":{"start":{"line":430,"column":8},"end":{"line":430,"column":null}},"201":{"start":{"line":432,"column":6},"end":{"line":434,"column":null}},"202":{"start":{"line":433,"column":8},"end":{"line":433,"column":null}},"203":{"start":{"line":436,"column":22},"end":{"line":436,"column":null}},"204":{"start":{"line":438,"column":6},"end":{"line":438,"column":null}},"205":{"start":{"line":440,"column":6},"end":{"line":440,"column":null}},"206":{"start":{"line":442,"column":6},"end":{"line":442,"column":null}},"207":{"start":{"line":443,"column":6},"end":{"line":443,"column":null}},"208":{"start":{"line":447,"column":2},"end":{"line":464,"column":null}},"209":{"start":{"line":448,"column":4},"end":{"line":463,"column":null}},"210":{"start":{"line":450,"column":22},"end":{"line":450,"column":null}},"211":{"start":{"line":451,"column":6},"end":{"line":453,"column":null}},"212":{"start":{"line":452,"column":8},"end":{"line":452,"column":null}},"213":{"start":{"line":454,"column":6},"end":{"line":456,"column":null}},"214":{"start":{"line":455,"column":8},"end":{"line":455,"column":null}},"215":{"start":{"line":458,"column":22},"end":{"line":458,"column":null}},"216":{"start":{"line":459,"column":6},"end":{"line":459,"column":null}},"217":{"start":{"line":461,"column":6},"end":{"line":461,"column":null}},"218":{"start":{"line":462,"column":6},"end":{"line":462,"column":null}},"219":{"start":{"line":467,"column":2},"end":{"line":476,"column":null}},"220":{"start":{"line":468,"column":4},"end":{"line":475,"column":null}},"221":{"start":{"line":469,"column":23},"end":{"line":469,"column":null}},"222":{"start":{"line":470,"column":23},"end":{"line":470,"column":null}},"223":{"start":{"line":471,"column":6},"end":{"line":471,"column":null}},"224":{"start":{"line":473,"column":6},"end":{"line":473,"column":null}},"225":{"start":{"line":474,"column":6},"end":{"line":474,"column":null}},"226":{"start":{"line":478,"column":2},"end":{"line":487,"column":null}},"227":{"start":{"line":479,"column":4},"end":{"line":486,"column":null}},"228":{"start":{"line":480,"column":23},"end":{"line":480,"column":null}},"229":{"start":{"line":481,"column":21},"end":{"line":481,"column":null}},"230":{"start":{"line":482,"column":6},"end":{"line":482,"column":null}},"231":{"start":{"line":484,"column":6},"end":{"line":484,"column":null}},"232":{"start":{"line":485,"column":6},"end":{"line":485,"column":null}},"233":{"start":{"line":490,"column":2},"end":{"line":499,"column":null}},"234":{"start":{"line":491,"column":4},"end":{"line":498,"column":null}},"235":{"start":{"line":492,"column":22},"end":{"line":492,"column":null}},"236":{"start":{"line":493,"column":21},"end":{"line":493,"column":null}},"237":{"start":{"line":494,"column":6},"end":{"line":494,"column":null}},"238":{"start":{"line":496,"column":6},"end":{"line":496,"column":null}},"239":{"start":{"line":497,"column":6},"end":{"line":497,"column":null}},"240":{"start":{"line":502,"column":2},"end":{"line":526,"column":null}},"241":{"start":{"line":503,"column":4},"end":{"line":525,"column":null}},"242":{"start":{"line":504,"column":6},"end":{"line":506,"column":null}},"243":{"start":{"line":505,"column":8},"end":{"line":505,"column":null}},"244":{"start":{"line":508,"column":20},"end":{"line":508,"column":null}},"245":{"start":{"line":509,"column":6},"end":{"line":512,"column":null}},"246":{"start":{"line":510,"column":8},"end":{"line":510,"column":null}},"247":{"
[...]
"line":49,"column":null}},"28":{"start":{"line":46,"column":4},"end":{"line":46,"column":null}},"29":{"start":{"line":47,"column":4},"end":{"line":47,"column":null}},"30":{"start":{"line":48,"column":4},"end":{"line":48,"column":null}},"31":{"start":{"line":51,"column":2},"end":{"line":85,"column":null}},"32":{"start":{"line":52,"column":4},"end":{"line":52,"column":null}},"33":{"start":{"line":53,"column":19},"end":{"line":53,"column":null}},"34":{"start":{"line":54,"column":4},"end":{"line":54,"column":null}},"35":{"start":{"line":54,"column":17},"end":{"line":54,"column":null}},"36":{"start":{"line":55,"column":23},"end":{"line":55,"column":null}},"37":{"start":{"line":56,"column":4},"end":{"line":60,"column":null}},"38":{"start":{"line":57,"column":6},"end":{"line":57,"column":null}},"39":{"start":{"line":58,"column":6},"end":{"line":58,"column":null}},"40":{"start":{"line":59,"column":6},"end":{"line":59,"column":null}},"41":{"start":{"line":61,"column":19},"end":{"line":61,"column":null}},"42":{"start":{"line":62,"column":16},"end":{"line":66,"column":null}},"43":{"start":{"line":67,"column":4},"end":{"line":72,"column":null}},"44":{"start":{"line":68,"column":19},"end":{"line":68,"column":null}},"45":{"start":{"line":68,"column":48},"end":{"line":68,"column":50}},"46":{"start":{"line":69,"column":6},"end":{"line":69,"column":null}},"47":{"start":{"line":70,"column":6},"end":{"line":70,"column":null}},"48":{"start":{"line":71,"column":6},"end":{"line":71,"column":null}},"49":{"start":{"line":73,"column":17},"end":{"line":73,"column":null}},"50":{"start":{"line":74,"column":20},"end":{"line":74,"column":null}},"51":{"start":{"line":75,"column":4},"end":{"line":81,"column":null}},"52":{"start":{"line":76,"column":6},"end":{"line":76,"column":null}},"53":{"start":{"line":77,"column":6},"end":{"line":77,"column":null}},"54":{"start":{"line":79,"column":6},"end":{"line":79,"column":null}},"55":{"start":{"line":80,"column":6},"end":{"line":80,"column":null}},"56":{"start":{"line":83,"column":4},"end":{"line":83,"column":null}},"57":{"start":{"line":84,"column":4},"end":{"line":84,"column":null}},"58":{"start":{"line":89,"column":2},"end":{"line":89,"column":null}},"59":{"start":{"line":89,"column":18},"end":{"line":89,"column":null}},"60":{"start":{"line":90,"column":2},"end":{"line":90,"column":null}}},"fnMap":{"0":{"name":"enqueuePayoutMemory","decl":{"start":{"line":10,"column":16},"end":{"line":10,"column":36}},"loc":{"start":{"line":10,"column":54},"end":{"line":14,"column":null}},"line":10},"1":{"name":"startProcessingMemory","decl":{"start":{"line":16,"column":16},"end":{"line":16,"column":40}},"loc":{"start":{"line":16,"column":40},"end":{"line":30,"column":null}},"line":16},"2":{"name":"(anonymous_2)","decl":{"start":{"line":18,"column":27},"end":{"line":18,"column":39}},"loc":{"start":{"line":18,"column":39},"end":{"line":29,"column":5}},"line":18},"3":{"name":"processPayoutJob","decl":{"start":{"line":32,"column":15},"end":{"line":32,"column":32}},"loc":{"start":{"line":32,"column":42},"end":{"line":86,"column":null}},"line":32},"4":{"name":"(anonymous_4)","decl":{"start":{"line":68,"column":42},"end":{"line":68,"column":48}},"loc":{"start":{"line":68,"column":48},"end":{"line":68,"column":50}},"line":68},"5":{"name":"stopProcessingMemory","decl":{"start":{"line":88,"column":16},"end":{"line":88,"column":39}},"loc":{"start":{"line":88,"column":39},"end":{"line":91,"column":null}},"line":88}},"branchMap":{"0":{"loc":{"start":{"line":12,"column":2},"end":{"line":12,"column":null}},"type":"if","locations":[{"start":{"line":12,"column":2},"end":{"line":12,"column":null}},{"start":{},"end":{}}],"line":12},"1":{"loc":{"start":{"line":19,"column":4},"end":{"line":19,"column":null}},"type":"if","locations":[{"start":{"line":19,"column":4},"end":{"line":19,"column":null}},{"start":{},"end":{}}],"line":19},"2":{"loc":{"start":{"line":21,"column":4},"end":{"line":21,"column":null}},"type":"if","locations":[{"start":{"line":21,"column":4},"end":{"line":21,"column":null}},{"start":{},"end":{}}],"line":21},"3":{"loc":{"start":{"line":35,"column":2},"end":{"line":38,"column":null}},"type":"if","locations":[{"start":{"line":35,"column":2},"end":{"line":38,"column":null}},{"start":{},"end":{}}],"line":35},"4":{"loc":{"start":{"line":40,"column":2},"end":{"line":40,"column":null}},"type":"if","locations":[{"start":{"line":40,"column":2},"end":{"line":40,"column":null}},{"start":{},"end":{}}],"line":40},"5":{"loc":{"start":{"line":40,"column":6},"end":{"line":40,"column":71}},"type":"binary-expr","locations":[{"start":{"line":40,"column":6},"end":{"line":40,"column":39}},{"start":{"line":40,"column":39},"end":{"line":40,"column":71}}],"line":40},"6":{"loc":{"start":{"line":45,"column":2},"end":{"line":49,"column":null}},"type":"if","locations":[{"start":{"line":45,"column":2},"end":{"line":49,"column":null}},{"start":{},"end":{}}],"line":45},"7":{"loc":{"start":{"line":45,"column":6},"end":{"line":45,"column":32}},"type":"binary-expr","locations":[{"start":{"line":45,"column":6},"end":{"line":45,"column":22}},{"start":{"line":45,"column":22},"end":{"line":45,"column":32}}],"line":45},"8":{"loc":{"start":{"line":54,"column":4},"end":{"line":54,"column":null}},"type":"if","locations":[{"start":{"line":54,"column":4},"end":{"line":54,"column":null}},{"start":{},"end":{}}],"line":54},"9":{"loc":{"start":{"line":56,"column":4},"end":{"line":60,"column":null}},"type":"if","locations":[{"start":{"line":56,"column":4},"end":{"line":60,"column":null}},{"start":{},"end":{}}],"line":56},"10":{"loc":{"start":{"line":67,"column":4},"end":{"line":72,"column":null}},"type":"if","locations":[{"start":{"line":67,"column":4},"end":{"line":72,"column":null}},{"start":{},"end":{}}],"line":67},"11":{"loc":{"start":{"line":74,"column":20},"end":{"line":74,"column":null}},"type":"binary-expr","locations":[{"start":{"line":74,"column":20},"end":{"line":74,"column":49}},{"start":{"line":74,"column":49},"end":{"line":74,"column":null}}],"line":74},"12":{"loc":{"start":{"line":75,"column":4},"end":{"line":81,"column":null}},"type":"if","locations":[{"start":{"line":75,"column":4},"end":{"line":81,"column":null}},{"start":{"line":78,"column":11},"end":{"line":81,"column":null}}],"line":75},"13":{"loc":{"start":{"line":84,"column":73},"end":{"line":84,"column":117}},"type":"binary-expr","locations":[{"start":{"line":84,"column":73},"end":{"line":84,"column":81}},{"start":{"line":84,"column":81},"end":{"line":84,"column":105}},{"start":{"line":84,"column":105},"end":{"line":84,"column":117}}],"line":84},"14":{"loc":{"start":{"line":89,"column":2},"end":{"line":89,"column":null}},"type":"if","locations":[{"start":{"line":89,"column":2},"end":{"line":89,"column":null}},{"start":{},"end":{}}],"line":89}},"s":{"0":2,"1":2,"2":2,"3":3,"4":3,"5":2,"6":3,"7":2,"8":2,"9":3,"10":0,"11":3,"12":3,"13":0,"14":3,"15":3,"16":0,"17":0,"18":3,"19":3,"20":3,"21":0,"22":0,"23":3,"24":0,"25":3,"26":3,"27":3,"28":3,"29":3,"30":3,"31":0,"32":0,"33":0,"34":0,"35":0,"36":0,"37":0,"38":0,"39":0,"40":0,"41":0,"42":0,"43":0,"44":0,"45":0,"46":0,"47":0,"48":0,"49":0,"50":0,"51":3,"52":0,"53":0,"54":0,"55":0,"56":0,"57":0,"58":0,"59":0,"60":0},"f":{"0":3,"1":2,"2":3,"3":3,"4":0,"5":0},"b":{"0":[2,1],"1":[0,3],"2":[0,3],"3":[0,3],"4":[0,3],"5":[3,3],"6":[3,0],"7":[3,0],"8":[0,0],"9":[0,0],"10":[0,0],"11":[0,0],"12":[0,0],"13":[0,0,0],"14":[0,0]},"meta":{"lastBranch":15,"lastFunction":6,"lastStatement":61,"seen":{"s:6:21:6:Infinity":0,"s:7:14:7:Infinity":1,"s:8:40:8:Infinity":2,"f:10:16:10:36":0,"s:11:2:11:Infinity":3,"b:12:2:12:Infinity:undefined:undefined:undefined:undefined":0,"s:12:2:12:Infinity":4,"s:12:16:12:Infinity":5,"s:13:2:13:Infinity":6,"f:16:16:16:40":1,"s:17:2:17:Infinity":7,"s:18:2:29:Infinity":8,"f:18:27:18:39":2,"b:19:4:19:Infinity:undefined:undefined:undefined:undefined":1,"s:19:4:19:Infinity":9,"s:19:28:19:Infinity":10,"s:20:16:20:Infinity":11,"b:21:4:21:Infinity:undefined:undefined:undefined:undefined":2,"s:21:4:21:Infinity":12,"s:21:14:21:Infinity":13,"s:22:4:28:Infinity":14,"s:23:6:23:Infinity":15,"s:25:6:25:Infinity":16,"s:27:6:27:Infinity":17,"f:32:15:32:32":3,"s:33:23:33:Infinity":18,"s:34:17:34:Infinity":19,"b:35:2:38:Infinity:undefined:undefined:undefined:undefined":3,"s:35:2:38:Infinity":20,"s:36:4:36:Infinity":21,"s:37:4:37:Infinity":22,"b:40:2:40:Infinity:undefined:undefined:undefined:undefined":4,"s:40:2:40:Infinity":23,"b:40:6:40:39:40:39:40:71":5,"s:40:71:40:Infinity":24,"s:42:22:42:Infinity":25,"s:43:18:43:Infinity":26,"b:45:2:49:Infinity:undefined:undefined:undefined:undefined":6,"s:45:2:49:Infinity":27,"b:45:6:45:22:45:22:45:32":7,"s:46:4:46:Infinity":28,"s:47:4:47:Infinity":29,"s:48:4:48:Infinity":30,"s:51:2:85:Infinity":31,"s:52:4:52:Infinity":32,"s:53:19:53:Infinity":33,"b:54:4:54:Infinity:undefined:undefined:undefined:undefined":8,"s:54:4:54:Infinity":34,"s:54:17:54:Infinity":35,"s:55:23:55:Infinity":36,"b:56:4:60:Infinity:undefined:undefined:undefined:undefined":9,"s:56:4:60:Infinity":37,"s:57:6:57:Infinity":38,"s:58:6:58:Infinity":39,"s:59:6:59:Infinity":40,"s:61:19:61:Infinity":41,"s:62:16:66:Infinity":42,"b:67:4:72:Infinity:undefined:undefined:undefined:undefined":10,"s:67:4:72:Infinity":43,"s:68:19:68:Infinity":44,"f:68:42:68:48":4,"s:68:48:68:50":45,"s:69:6:69:Infinity":46,"s:70:6:70:Infinity":47,"s:71:6:71:Infinity":48,"s:73:17:73:Infinity":49,"s:74:20:74:Infinity":50,"b:74:20:74:49:74:49:74:Infinity":11,"b:75:4:81:Infinity:78:11:81:Infinity":12,"s:75:4:81:Infinity":51,"s:76:6:76:Infinity":52,"s:77:6:77:Infinity":53,"s:79:6:79:Infinity":54,"s:80:6:80:Infinity":55,"s:83:4:83:Infinity":56,"s:84:4:84:Infinity":57,"b:84:73:84:81:84:81:84:105:84:105:84:117":13,"f:88:16:88:39":5,"b:89:2:89:Infinity:undefined:undefined:undefined:undefined":14,"s:89:2:89:Infinity":58,"s:89:18:89:Infinity":59,"s:90:2:90:Infinity":60}}}
,"C:\\Users\\asabr\\OneDrive\\Desktop\\Project\\AgriCompassWeb\\shared\\schema.ts": {"path":"C:\\Users\\asabr\\OneDrive\\Desktop\\Project\\AgriCompassWeb\\shared\\schema.ts","statementMap":{"0":{"start":{"line":7,"column":13},"end":{"line":29,"column":null}},"1":{"start":{"line":32,"column":13},"end":{"line":54,"column":null}},"2":{"start":{"line":34,"column":60},"end":{"line":34,"column":68}},"3":{"start":{"line":52,"column":56},"end":{"line":52,"column":64}},"4":{"start":{"line":57,"column":13},"end":{"line":62,"column":null}},"5":{"start":{"line":59,"column":62},"end":{"line":59,"column":73}},"6":{"start":{"line":65,"column":13},"end":{"line":77,"column":null}},"7":{"start":{"line":67,"column":58},"end":{"line":67,"column":66}},"8":{"start":{"line":68,"column":60},"end":{"line":68,"column":68}},"9":{"start":{"line":69,"column":62},"end":{"line":69,"column":73}},"10":{"start":{"line":80,"column":13},"end":{"line":86,"column":null}},"11":{"start":{"line":82,"column":58},"end":{"line":82,"column":66}},"12":{"start":{"line":83,"column":62},"end":{"line":83,"column":73}},"13":{"start":{"line":89,"column":13},"end":{"line":99,"column":null}},"14":{"start":{"line":91,"column":58},"end":{"line":91,"column":67}},"15":{"start":{"line":92,"column":58},"end":{"line":92,"column":66}},"16":{"start":{"line":93,"column":60},"end":{"line":93,"column":75}},"17":{"start":{"line":102,"column":13},"end":{"line":111,"column":null}},"18":{"start":{"line":104,"column":58},"end":{"line":104,"column":66}},"19":{"start":{"line":113,"column":13},"end":{"line":126,"column":null}},"20":{"start":{"line":115,"column":60},"end":{"line":115,"column":68}},"21":{"start":{"line":129,"column":13},"end":{"line":138,"column":null}},"22":{"start":{"line":131,"column":60},"end":{"line":131,"column":68}},"23":{"start":{"line":132,"column":62},"end":{"line":132,"column":70}},"24":{"start":{"line":141,"column":13},"end":{"line":151,"column":null}},"25":{"start":{"line":143,"column":56},"end":{"line":143,"column":64}},"26":{"start":{"line":154,"column":13},"end":{"line":168,"column":null}},"27":{"start":{"line":156,"column":60},"end":{"line":156,"column":68}},"28":{"start":{"line":157,"column":64},"end":{"line":157,"column":72}},"29":{"start":{"line":158,"column":52},"end":{"line":158,"column":63}},"30":{"start":{"line":166,"column":56},"end":{"line":166,"column":64}},"31":{"start":{"line":171,"column":13},"end":{"line":180,"column":null}},"32":{"start":{"line":173,"column":58},"end":{"line":173,"column":67}},"33":{"start":{"line":174,"column":64},"end":{"line":174,"column":72}},"34":{"start":{"line":175,"column":64},"end":{"line":175,"column":72}},"35":{"start":{"line":183,"column":13},"end":{"line":192,"column":null}},"36":{"start":{"line":195,"column":13},"end":{"line":202,"column":null}},"37":{"start":{"line":204,"column":13},"end":{"line":213,"column":null}},"38":{"start":{"line":215,"column":13},"end":{"line":220,"column":null}},"39":{"start":{"line":222,"column":13},"end":{"line":227,"column":null}},"40":{"start":{"line":229,"column":13},"end":{"line":231,"column":null}},"41":{"start":{"line":233,"column":13},"end":{"line":237,"column":null}},"42":{"start":{"line":239,"column":13},"end":{"line":248,"column":null}},"43":{"start":{"line":250,"column":13},"end":{"line":257,"column":null}},"44":{"start":{"line":259,"column":13},"end":{"line":262,"column":null}},"45":{"start":{"line":264,"column":13},"end":{"line":267,"column":null}},"46":{"start":{"line":269,"column":13},"end":{"line":273,"column":null}},"47":{"start":{"line":275,"column":13},"end":{"line":280,"column":null}},"48":{"start":{"line":282,"column":13},"end":{"line":285,"column":null}}},"fnMap":{"0":{"name":"(anonymous_0)","decl":{"start":{"line":34,"column":54},"end":{"line":34,"column":60}},"loc":{"start":{"line":34,"column":60},"end":{"line":34,"column":68}},"line":34},"1":{"name":"(anonymous_1)","decl":{"start":{"line":52,"column":50},"end":{"line":52,"column":56}},"loc":{"start":{"line":52,"column":56},"end":{"line":52,"column":64}},"line":52},"2":{"name":"(anonymous_2)","decl":{"start":{"line":59,"column":56},"end":{"line":59,"column":62}},"loc":{"start":{"line":59,"column":62},"end":{"line":59,"column":73}},"line":59},"3":{"name":"(anonymous_3)","decl":{"start":{"line":67,"column":52},"end":{"line":67,"column":58}},"loc":{"start":{"line":67,"column":58},"end":{"line":67,"column":66}},"line":67},"4":{"name":"(anonymous_4)","decl":{"start":{"line":68,"column":54},"end":{"line":68,"column":60}},"loc":{"start":{"line":68,"column":60},"end":{"line":68,"column":68}},"line":68},"5":{"name":"(anonymous_5)","decl":{"start":{"line":69,"column":56},"end":{"line":69,"column":62}},"loc":{"start":{"line":69,"column":62},"end":{"line":69,"column":73}},"line":69},"6":{"name":"(anonymous_6)","decl":{"start":{"line":82,"column":52},"end":{"line":82,"column":58}},"loc":{"start":{"line":82,"column":58},"end":{"line":82,"column":66}},"line":82},"7":{"name":"(anonymous_7)","decl":{"start":{"line":83,"column":56},"end":{"line":83,"column":62}},"loc":{"start":{"line":83,"column":62},"end":{"line":83,"column":73}},"line":83},"8":{"name":"(anonymous_8)","decl":{"start":{"line":91,"column":52},"end":{"line":91,"column":58}},"loc":{"start":{"line":91,"column":58},"end":{"line":91,"column":67}},"line":91},"9":{"name":"(anonymous_9)","decl":{"start":{"line":92,"column":52},"end":{"line":92,"column":58}},"loc":{"start":{"line":92,"column":58},"end":{"line":92,"column":66}},"line":92},"10":{"name":"(anonymous_10)","decl":{"start":{"line":93,"column":54},"end":{"line":93,"column":60}},"loc":{"start":{"line":93,"column":60},"end":{"line":93,"column":75}},"line":93},"11":{"name":"(anonymous_11)","decl":{"start":{"line":104,"column":52},"end":{"line":104,"column":58}},"loc":{"start":{"line":104,"column":58},"end":{"line":104,"column":66}},"line":104},"12":{"name":"(anonymous_12)","decl":{"start":{"line":115,"column":54},"end":{"line":115,"column":60}},"loc":{"start":{"line":115,"column":60},"end":{"line":115,"column":68}},"line":115},"13":{"name":"(anonymous_13)","decl":{"start":{"line":131,"column":54},"end":{"line":131,"column":60}},"loc":{"start":{"line":131,"column":60},"end":{"line":131,"column":68}},"line":131},"14":{"name":"(anonymous_14)","decl":{"start":{"line":132,"column":56},"end":{"line":132,"column":62}},"loc":{"start":{"line":132,"column":62},"end":{"line":132,"column":70}},"line":132},"15":{"name":"(anonymous_15)","decl":{"start":{"line":143,"column":50},"end":{"line":143,"column":56}},"loc":{"start":{"line":143,"column":56},"end":{"line":143,"column":64}},"line":143},"16":{"name":"(anonymous_16)","decl":{"start":{"line":156,"column":54},"end":{"line":156,"column":60}},"loc":{"start":{"line":156,"column":60},"end":{"line":156,"column":68}},"line":156},"17":{"name":"(anonymous_17)","decl":{"start":{"line":157,"column":58},"end":{"line":157,"column":64}},"loc":{"start":{"line":157,"column":64},"end":{"line":157,"column":72}},"line":157},"18":{"name":"(anonymous_18)","decl":{"start":{"line":158,"column":46},"end":{"line":158,"column":52}},"loc":{"start":{"line":158,"column":52},"end":{"line":158,"column":63}},"line":158},"19":{"name":"(anonymous_19)","decl":{"start":{"line":166,"column":50},"end":{"line":166,"column":56}},"loc":{"start":{"line":166,"column":56},"end":{"line":166,"column":64}},"line":166},"20":{"name":"(anonymous_20)","decl":{"start":{"line":173,"column":52},"end":{"line":173,"column":58}},"loc":{"start":{"line":173,"column":58},"end":{"line":173,"column":67}},"line":173},"21":{"name":"(anonymous_21)","decl":{"start":{"line":174,"column":58},"end":{"line":174,"column":64}},"loc":{"start":{"line":174,"column":64},"end":{"line":174,"column":72}},"line":174},"22":{"name":"(anonymous_22)","decl":{"start":{"line":175,"column":58},"end":{"line":175,"column":64}},"loc":{"start":{"line":175,"column":64},"end":{"line":175,"column":72}},"line":175}},"branchMap":{},"s":{"0":20,"1":20,"2":0,"3":0,"4":20,"5":0,"6":20,"7":0,"8":0,"9":0,"10":20,"11":0,"12":0,"13":20,"14":0,"15":0,"16":0,"17":20,"18":0,"19":20,"20":0,"21":20,"22":0,"23":0,"24":20,"25":0,"26":20,"27":0,"28":0,"29":0,"30":0,"31":20,"32":0,"33":0,"34":0,"35":20,"36":20,"37":20,"38":20,"39":20,"40":20,"41":20,"42":20,"43":20,"44":20,"45":20,"46":20,"47":20,"48":20},"f":{"0":0,"1":0,"2":0,"3":0,"4":0,"5":0,"6":0,"7":0,"8":0,"9":0,"10":0,"11":0,"12":0,"13":0,"14":0,"15":0,"16":0,"17":0,"18":0,"19":0,"20":0,"21":0,"22":0},"b":{},"meta":{"lastBranch":0,"lastFunction":23,"lastStatement":49,"seen":{"s:7:13:29:Infinity":0,"s:32:13:54:Infinity":1,"f:34:54:34:60":0,"s:34:60:34:68":2,"f:52:50:52:56":1,"s:52:56:52:64":3,"s:57:13:62:Infinity":4,"f:59:56:59:62":2,"s:59:62:59:73":5,"s:65:13:77:Infinity":6,"f:67:52:67:58":3,"s:67:58:67:66":7,"f:68:54:68:60":4,"s:68:60:68:68":8,"f:69:56:69:62":5,"s:69:62:69:73":9,"s:80:13:86:Infinity":10,"f:82:52:82:58":6,"s:82:58:82:66":11,"f:83:56:83:62":7,"s:83:62:83:73":12,"s:89:13:99:Infinity":13,"f:91:52:91:58":8,"s:91:58:91:67":14,"f:92:52:92:58":9,"s:92:58:92:66":15,"f:93:54:93:60":10,"s:93:60:93:75":16,"s:102:13:111:Infinity":17,"f:104:52:104:58":11,"s:104:58:104:66":18,"s:113:13:126:Infinity":19,"f:115:54:115:60":12,"s:115:60:115:68":20,"s:129:13:138:Infinity":21,"f:131:54:131:60":13,"s:131:60:131:68":22,"f:132:56:132:62":14,"s:132:62:132:70":23,"s:141:13:151:Infinity":24,"f:143:50:143:56":15,"s:143:56:143:64":25,"s:154:13:168:Infinity":26,"f:156:54:156:60":16,"s:156:60:156:68":27,"f:157:58:157:64":17,"s:157:64:157:72":28,"f:158:46:158:52":18,"s:158:52:158:63":29,"f:166:50:166:56":19,"s:166:56:166:64":30,"s:171:13:180:Infinity":31,"f:173:52:173:58":20,"s:173:58:173:67":32,"f:174:58:174:64":21,"s:174:64:174:72":33,"f:175:58:175:64":22,"s:175:64:175:72":34,"s:183:13:192:Infinity":35,"s:195:13:202:Infinity":36,"s:204:13:213:Infinity":37,"s:215:13:220:Infinity":38,"s:222:13:227:Infinity":39,"s:229:13:231:Infinity":40,"s:233:13:237:Infinity":41,"s:239:13:248:Infinity":42,"s:250:13:257:Infinity":43,"s:259:13:262:Infinity":44,"s:264:13:267:Infinity":45,"s:269:13:273:Infinity":46,"s:275:13:280:Infinity":47,"s:282:13:285:Infinity":48}}}
}
